2025-01-14 16:44:48 INFO  c.example.demo.ApiGateWayApplication - Starting ApiGateWayApplication using Java 17.0.13 with PID 4540 (/home/macygabr/PetProjects/ApiGateWay/target/classes started by macygabr in /home/macygabr/PetProjects/ApiGateWay)
2025-01-14 16:44:48 DEBUG c.example.demo.ApiGateWayApplication - Running with Spring Boot v3.1.0, Spring v6.0.9
2025-01-14 16:44:48 INFO  c.example.demo.ApiGateWayApplication - No active profile set, falling back to 1 default profile: "default"
2025-01-14 16:44:49 INFO  o.s.d.r.c.RepositoryConfigurationDelegate - Bootstrapping Spring Data JPA repositories in DEFAULT mode.
2025-01-14 16:44:49 INFO  o.s.d.r.c.RepositoryConfigurationDelegate - Finished Spring Data repository scanning in 59 ms. Found 1 JPA repository interfaces.
2025-01-14 16:44:50 INFO  o.s.b.w.e.tomcat.TomcatWebServer - Tomcat initialized with port(s): 8080 (http)
2025-01-14 16:44:50 INFO  o.a.coyote.http11.Http11NioProtocol - Initializing ProtocolHandler ["http-nio-8080"]
2025-01-14 16:44:50 INFO  o.a.catalina.core.StandardService - Starting service [Tomcat]
2025-01-14 16:44:50 INFO  o.a.catalina.core.StandardEngine - Starting Servlet engine: [Apache Tomcat/10.1.8]
2025-01-14 16:44:50 INFO  o.a.c.c.C.[Tomcat].[localhost].[/] - Initializing Spring embedded WebApplicationContext
2025-01-14 16:44:50 INFO  o.s.b.w.s.c.ServletWebServerApplicationContext - Root WebApplicationContext: initialization completed in 1848 ms
2025-01-14 16:44:50 INFO  o.h.jpa.internal.util.LogHelper - HHH000204: Processing PersistenceUnitInfo [name: default]
2025-01-14 16:44:50 INFO  org.hibernate.Version - HHH000412: Hibernate ORM core version 6.2.2.Final
2025-01-14 16:44:50 INFO  org.hibernate.cfg.Environment - HHH000406: Using bytecode reflection optimizer
2025-01-14 16:44:50 INFO  o.h.b.i.BytecodeProviderInitiator - HHH000021: Bytecode provider name : bytebuddy
2025-01-14 16:44:50 INFO  o.s.o.j.p.SpringPersistenceUnitInfo - No LoadTimeWeaver setup: ignoring JPA class transformer
2025-01-14 16:44:50 INFO  com.zaxxer.hikari.HikariDataSource - HikariPool-1 - Starting...
2025-01-14 16:44:52 INFO  com.zaxxer.hikari.pool.HikariPool - HikariPool-1 - Added connection org.postgresql.jdbc.PgConnection@7482309c
2025-01-14 16:44:52 INFO  com.zaxxer.hikari.HikariDataSource - HikariPool-1 - Start completed.
2025-01-14 16:44:53 INFO  org.hibernate.orm.dialect - HHH035001: Using dialect: org.hibernate.dialect.PostgreSQLDialect, version: org.hibernate.engine.jdbc.env.internal.JdbcEnvironmentInitiator$DialectResolutionInfoImpl@308c65e0
2025-01-14 16:44:53 INFO  o.h.b.i.BytecodeProviderInitiator - HHH000021: Bytecode provider name : bytebuddy
2025-01-14 16:44:54 INFO  o.h.e.t.j.p.i.JtaPlatformInitiator - HHH000490: Using JtaPlatform implementation: [org.hibernate.engine.transaction.jta.platform.internal.NoJtaPlatform]
2025-01-14 16:44:54 INFO  o.s.o.j.LocalContainerEntityManagerFactoryBean - Initialized JPA EntityManagerFactory for persistence unit 'default'
2025-01-14 16:44:55 DEBUG c.e.d.config.JwtAuthenticationFilter - Filter 'jwtAuthenticationFilter' configured for use
2025-01-14 16:44:55 WARN  o.s.b.a.o.j.JpaBaseConfiguration$JpaWebConfiguration - spring.jpa.open-in-view is enabled by default. Therefore, database queries may be performed during view rendering. Explicitly configure spring.jpa.open-in-view to disable this warning
2025-01-14 16:44:55 INFO  o.s.b.a.e.web.EndpointLinksResolver - Exposing 1 endpoint(s) beneath base path '/actuator'
2025-01-14 16:44:55 INFO  o.s.s.web.DefaultSecurityFilterChain - Will secure any request with [org.springframework.security.web.session.DisableEncodeUrlFilter@4ef7145f, org.springframework.security.web.context.request.async.WebAsyncManagerIntegrationFilter@1611ce1c, org.springframework.security.web.context.SecurityContextHolderFilter@71979130, org.springframework.security.web.header.HeaderWriterFilter@3e3c6323, org.springframework.web.filter.CorsFilter@40cd02fc, org.springframework.security.web.authentication.logout.LogoutFilter@5d7f4cbb, com.example.demo.config.JwtAuthenticationFilter@dc24732, org.springframework.security.web.savedrequest.RequestCacheAwareFilter@56c26b21, org.springframework.security.web.servletapi.SecurityContextHolderAwareRequestFilter@1142843c, org.springframework.security.web.authentication.AnonymousAuthenticationFilter@7fd7965b, org.springframework.security.web.session.SessionManagementFilter@9886ec3, org.springframework.security.web.access.ExceptionTranslationFilter@6ade4ac6, org.springframework.security.web.access.intercept.AuthorizationFilter@57d1edf0]
2025-01-14 16:44:55 INFO  o.a.coyote.http11.Http11NioProtocol - Starting ProtocolHandler ["http-nio-8080"]
2025-01-14 16:44:55 INFO  o.s.b.w.e.tomcat.TomcatWebServer - Tomcat started on port(s): 8080 (http) with context path ''
2025-01-14 16:44:56 INFO  o.a.k.c.consumer.ConsumerConfig - ConsumerConfig values: 
	allow.auto.create.topics = true
	auto.commit.interval.ms = 5000
	auto.include.jmx.reporter = true
	auto.offset.reset = latest
	bootstrap.servers = [37.194.168.90:9092]
	check.crcs = true
	client.dns.lookup = use_all_dns_ips
	client.id = consumer-api_service-1
	client.rack = 
	connections.max.idle.ms = 540000
	default.api.timeout.ms = 60000
	enable.auto.commit = false
	exclude.internal.topics = true
	fetch.max.bytes = 52428800
	fetch.max.wait.ms = 500
	fetch.min.bytes = 1
	group.id = api_service
	group.instance.id = null
	heartbeat.interval.ms = 3000
	interceptor.classes = []
	internal.leave.group.on.close = true
	internal.throw.on.fetch.stable.offset.unsupported = false
	isolation.level = read_uncommitted
	key.deserializer = class org.apache.kafka.common.serialization.StringDeserializer
	max.partition.fetch.bytes = 1048576
	max.poll.interval.ms = 300000
	max.poll.records = 500
	metadata.max.age.ms = 300000
	metric.reporters = []
	metrics.num.samples = 2
	metrics.recording.level = INFO
	metrics.sample.window.ms = 30000
	partition.assignment.strategy = [class org.apache.kafka.clients.consumer.RangeAssignor, class org.apache.kafka.clients.consumer.CooperativeStickyAssignor]
	receive.buffer.bytes = 65536
	reconnect.backoff.max.ms = 1000
	reconnect.backoff.ms = 50
	request.timeout.ms = 30000
	retry.backoff.ms = 100
	sasl.client.callback.handler.class = null
	sasl.jaas.config = null
	sasl.kerberos.kinit.cmd = /usr/bin/kinit
	sasl.kerberos.min.time.before.relogin = 60000
	sasl.kerberos.service.name = null
	sasl.kerberos.ticket.renew.jitter = 0.05
	sasl.kerberos.ticket.renew.window.factor = 0.8
	sasl.login.callback.handler.class = null
	sasl.login.class = null
	sasl.login.connect.timeout.ms = null
	sasl.login.read.timeout.ms = null
	sasl.login.refresh.buffer.seconds = 300
	sasl.login.refresh.min.period.seconds = 60
	sasl.login.refresh.window.factor = 0.8
	sasl.login.refresh.window.jitter = 0.05
	sasl.login.retry.backoff.max.ms = 10000
	sasl.login.retry.backoff.ms = 100
	sasl.mechanism = GSSAPI
	sasl.oauthbearer.clock.skew.seconds = 30
	sasl.oauthbearer.expected.audience = null
	sasl.oauthbearer.expected.issuer = null
	sasl.oauthbearer.jwks.endpoint.refresh.ms = 3600000
	sasl.oauthbearer.jwks.endpoint.retry.backoff.max.ms = 10000
	sasl.oauthbearer.jwks.endpoint.retry.backoff.ms = 100
	sasl.oauthbearer.jwks.endpoint.url = null
	sasl.oauthbearer.scope.claim.name = scope
	sasl.oauthbearer.sub.claim.name = sub
	sasl.oauthbearer.token.endpoint.url = null
	security.protocol = PLAINTEXT
	security.providers = null
	send.buffer.bytes = 131072
	session.timeout.ms = 45000
	socket.connection.setup.timeout.max.ms = 30000
	socket.connection.setup.timeout.ms = 10000
	ssl.cipher.suites = null
	ssl.enabled.protocols = [TLSv1.2, TLSv1.3]
	ssl.endpoint.identification.algorithm = https
	ssl.engine.factory.class = null
	ssl.key.password = null
	ssl.keymanager.algorithm = SunX509
	ssl.keystore.certificate.chain = null
	ssl.keystore.key = null
	ssl.keystore.location = null
	ssl.keystore.password = null
	ssl.keystore.type = JKS
	ssl.protocol = TLSv1.3
	ssl.provider = null
	ssl.secure.random.implementation = null
	ssl.trustmanager.algorithm = PKIX
	ssl.truststore.certificates = null
	ssl.truststore.location = null
	ssl.truststore.password = null
	ssl.truststore.type = JKS
	value.deserializer = class org.apache.kafka.common.serialization.StringDeserializer

2025-01-14 16:44:56 INFO  o.a.kafka.common.utils.AppInfoParser - Kafka version: 3.4.0
2025-01-14 16:44:56 INFO  o.a.kafka.common.utils.AppInfoParser - Kafka commitId: 2e1947d240607d53
2025-01-14 16:44:56 INFO  o.a.kafka.common.utils.AppInfoParser - Kafka startTimeMs: 1736847896051
2025-01-14 16:44:56 INFO  o.a.k.clients.consumer.KafkaConsumer - [Consumer clientId=consumer-api_service-1, groupId=api_service] Subscribed to topic(s): response
2025-01-14 16:44:56 INFO  c.example.demo.ApiGateWayApplication - Started ApiGateWayApplication in 8.229 seconds (process running for 9.219)
2025-01-14 16:44:56 INFO  o.a.k.c.producer.ProducerConfig - ProducerConfig values: 
	acks = -1
	auto.include.jmx.reporter = true
	batch.size = 16384
	bootstrap.servers = [37.194.168.90:9092]
	buffer.memory = 33554432
	client.dns.lookup = use_all_dns_ips
	client.id = producer-1
	compression.type = none
	connections.max.idle.ms = 540000
	delivery.timeout.ms = 120000
	enable.idempotence = true
	interceptor.classes = []
	key.serializer = class org.apache.kafka.common.serialization.StringSerializer
	linger.ms = 0
	max.block.ms = 60000
	max.in.flight.requests.per.connection = 5
	max.request.size = 1048576
	metadata.max.age.ms = 300000
	metadata.max.idle.ms = 300000
	metric.reporters = []
	metrics.num.samples = 2
	metrics.recording.level = INFO
	metrics.sample.window.ms = 30000
	partitioner.adaptive.partitioning.enable = true
	partitioner.availability.timeout.ms = 0
	partitioner.class = null
	partitioner.ignore.keys = false
	receive.buffer.bytes = 32768
	reconnect.backoff.max.ms = 1000
	reconnect.backoff.ms = 50
	request.timeout.ms = 30000
	retries = 2147483647
	retry.backoff.ms = 100
	sasl.client.callback.handler.class = null
	sasl.jaas.config = null
	sasl.kerberos.kinit.cmd = /usr/bin/kinit
	sasl.kerberos.min.time.before.relogin = 60000
	sasl.kerberos.service.name = null
	sasl.kerberos.ticket.renew.jitter = 0.05
	sasl.kerberos.ticket.renew.window.factor = 0.8
	sasl.login.callback.handler.class = null
	sasl.login.class = null
	sasl.login.connect.timeout.ms = null
	sasl.login.read.timeout.ms = null
	sasl.login.refresh.buffer.seconds = 300
	sasl.login.refresh.min.period.seconds = 60
	sasl.login.refresh.window.factor = 0.8
	sasl.login.refresh.window.jitter = 0.05
	sasl.login.retry.backoff.max.ms = 10000
	sasl.login.retry.backoff.ms = 100
	sasl.mechanism = GSSAPI
	sasl.oauthbearer.clock.skew.seconds = 30
	sasl.oauthbearer.expected.audience = null
	sasl.oauthbearer.expected.issuer = null
	sasl.oauthbearer.jwks.endpoint.refresh.ms = 3600000
	sasl.oauthbearer.jwks.endpoint.retry.backoff.max.ms = 10000
	sasl.oauthbearer.jwks.endpoint.retry.backoff.ms = 100
	sasl.oauthbearer.jwks.endpoint.url = null
	sasl.oauthbearer.scope.claim.name = scope
	sasl.oauthbearer.sub.claim.name = sub
	sasl.oauthbearer.token.endpoint.url = null
	security.protocol = PLAINTEXT
	security.providers = null
	send.buffer.bytes = 131072
	socket.connection.setup.timeout.max.ms = 30000
	socket.connection.setup.timeout.ms = 10000
	ssl.cipher.suites = null
	ssl.enabled.protocols = [TLSv1.2, TLSv1.3]
	ssl.endpoint.identification.algorithm = https
	ssl.engine.factory.class = null
	ssl.key.password = null
	ssl.keymanager.algorithm = SunX509
	ssl.keystore.certificate.chain = null
	ssl.keystore.key = null
	ssl.keystore.location = null
	ssl.keystore.password = null
	ssl.keystore.type = JKS
	ssl.protocol = TLSv1.3
	ssl.provider = null
	ssl.secure.random.implementation = null
	ssl.trustmanager.algorithm = PKIX
	ssl.truststore.certificates = null
	ssl.truststore.location = null
	ssl.truststore.password = null
	ssl.truststore.type = JKS
	transaction.timeout.ms = 60000
	transactional.id = null
	value.serializer = class org.apache.kafka.common.serialization.StringSerializer

2025-01-14 16:44:56 INFO  o.a.k.clients.producer.KafkaProducer - [Producer clientId=producer-1] Instantiated an idempotent producer.
2025-01-14 16:44:56 INFO  o.a.kafka.common.utils.AppInfoParser - Kafka version: 3.4.0
2025-01-14 16:44:56 INFO  o.a.kafka.common.utils.AppInfoParser - Kafka commitId: 2e1947d240607d53
2025-01-14 16:44:56 INFO  o.a.kafka.common.utils.AppInfoParser - Kafka startTimeMs: 1736847896114
2025-01-14 16:44:56 INFO  org.apache.kafka.clients.Metadata - [Producer clientId=producer-1] Resetting the last seen epoch of partition ping-0 to 0 since the associated topicId changed from null to gMEwJwZSSTmyq8v3b0Rknw
2025-01-14 16:44:56 INFO  org.apache.kafka.clients.Metadata - [Consumer clientId=consumer-api_service-1, groupId=api_service] Resetting the last seen epoch of partition response-0 to 0 since the associated topicId changed from null to qosCGtzOQC2deWwXhHSLtw
2025-01-14 16:44:56 INFO  org.apache.kafka.clients.Metadata - [Consumer clientId=consumer-api_service-1, groupId=api_service] Cluster ID: rs0KtrdkQsGY2gwAHle7dQ
2025-01-14 16:44:56 INFO  org.apache.kafka.clients.Metadata - [Producer clientId=producer-1] Cluster ID: rs0KtrdkQsGY2gwAHle7dQ
2025-01-14 16:44:56 INFO  o.a.k.c.p.i.TransactionManager - [Producer clientId=producer-1] ProducerId set to 5119 with epoch 0
2025-01-14 16:44:56 INFO  o.a.k.c.c.i.ConsumerCoordinator - [Consumer clientId=consumer-api_service-1, groupId=api_service] Discovered group coordinator 37.194.168.90:9092 (id: 2147483646 rack: null)
2025-01-14 16:44:56 INFO  o.a.k.c.c.i.ConsumerCoordinator - [Consumer clientId=consumer-api_service-1, groupId=api_service] (Re-)joining group
2025-01-14 16:44:56 INFO  o.a.k.c.c.i.ConsumerCoordinator - [Consumer clientId=consumer-api_service-1, groupId=api_service] Request joining group due to: need to re-join with the given member-id: consumer-api_service-1-79df48e8-c79f-42ed-a3e3-4f9f82f94530
2025-01-14 16:44:56 INFO  o.a.k.c.c.i.ConsumerCoordinator - [Consumer clientId=consumer-api_service-1, groupId=api_service] Request joining group due to: rebalance failed due to 'The group member needs to have a valid member id before actually entering a consumer group.' (MemberIdRequiredException)
2025-01-14 16:44:56 INFO  o.a.k.c.c.i.ConsumerCoordinator - [Consumer clientId=consumer-api_service-1, groupId=api_service] (Re-)joining group
2025-01-14 16:44:59 INFO  o.a.k.c.c.i.ConsumerCoordinator - [Consumer clientId=consumer-api_service-1, groupId=api_service] Successfully joined group with generation Generation{generationId=143, memberId='consumer-api_service-1-79df48e8-c79f-42ed-a3e3-4f9f82f94530', protocol='range'}
2025-01-14 16:44:59 INFO  o.a.k.c.c.i.ConsumerCoordinator - [Consumer clientId=consumer-api_service-1, groupId=api_service] Finished assignment for group at generation 143: {consumer-api_service-1-79df48e8-c79f-42ed-a3e3-4f9f82f94530=Assignment(partitions=[response-0])}
2025-01-14 16:44:59 INFO  o.a.k.c.c.i.ConsumerCoordinator - [Consumer clientId=consumer-api_service-1, groupId=api_service] Successfully synced group in generation Generation{generationId=143, memberId='consumer-api_service-1-79df48e8-c79f-42ed-a3e3-4f9f82f94530', protocol='range'}
2025-01-14 16:44:59 INFO  o.a.k.c.c.i.ConsumerCoordinator - [Consumer clientId=consumer-api_service-1, groupId=api_service] Notifying assignor about the new Assignment(partitions=[response-0])
2025-01-14 16:44:59 INFO  o.a.k.c.c.i.ConsumerCoordinator - [Consumer clientId=consumer-api_service-1, groupId=api_service] Adding newly assigned partitions: response-0
2025-01-14 16:44:59 INFO  o.a.k.c.c.i.ConsumerCoordinator - [Consumer clientId=consumer-api_service-1, groupId=api_service] Setting offset for partition response-0 to the committed offset FetchPosition{offset=3062, offsetEpoch=Optional.empty, currentLeader=LeaderAndEpoch{leader=Optional[37.194.168.90:9092 (id: 1 rack: null)], epoch=0}}
2025-01-14 16:44:59 INFO  o.s.k.l.KafkaMessageListenerContainer - api_service: partitions assigned: [response-0]
2025-01-14 16:45:06 ERROR c.example.demo.service.PingService - Ошибка при проверке соединения: Время ожидания превышено
2025-01-14 16:45:23 INFO  o.a.c.c.C.[Tomcat].[localhost].[/] - Initializing Spring DispatcherServlet 'dispatcherServlet'
2025-01-14 16:45:23 INFO  o.s.web.servlet.DispatcherServlet - Initializing Servlet 'dispatcherServlet'
2025-01-14 16:45:23 INFO  o.s.web.servlet.DispatcherServlet - Completed initialization in 2 ms
2025-01-14 16:45:23 INFO  o.s.api.AbstractOpenApiResource - Init duration for springdoc-openapi is: 195 ms
2025-01-14 16:45:26 DEBUG c.example.demo.service.SchoolService - Сформированный JSON: {"size":25,"campusId":"46e7d965-21e9-4936-bea9-f5ea0d1fddf2","page":0}
2025-01-14 16:45:27 INFO  org.apache.kafka.clients.Metadata - [Producer clientId=producer-1] Resetting the last seen epoch of partition peers-0 to 0 since the associated topicId changed from null to 4KFTppFNQIqDvF62kFtcnA
2025-01-14 16:45:40 DEBUG c.example.demo.service.SchoolService - Сформированный JSON: {"size":25,"campusId":"46e7d965-21e9-4936-bea9-f5ea0d1fddf2","page":0}
2025-01-14 16:46:07 ERROR c.example.demo.service.PingService - Ошибка при проверке соединения: Время ожидания превышено
2025-01-14 16:47:08 ERROR c.example.demo.service.PingService - Ошибка при проверке соединения: Время ожидания превышено
2025-01-14 16:48:09 ERROR c.example.demo.service.PingService - Ошибка при проверке соединения: Время ожидания превышено
2025-01-14 16:49:10 ERROR c.example.demo.service.PingService - Ошибка при проверке соединения: Время ожидания превышено
2025-01-14 16:49:57 INFO  org.apache.kafka.clients.Metadata - [Producer clientId=producer-1] Resetting the last seen epoch of partition ping-0 to 0 since the associated topicId changed from null to gMEwJwZSSTmyq8v3b0Rknw
2025-01-14 16:50:12 ERROR c.example.demo.service.PingService - Ошибка при проверке соединения: Время ожидания превышено
2025-01-14 16:51:13 ERROR c.example.demo.service.PingService - Ошибка при проверке соединения: Время ожидания превышено
2025-01-14 16:52:14 ERROR c.example.demo.service.PingService - Ошибка при проверке соединения: Время ожидания превышено
2025-01-14 16:53:16 ERROR c.example.demo.service.PingService - Ошибка при проверке соединения: Время ожидания превышено
2025-01-14 16:54:08 INFO  o.apache.kafka.clients.NetworkClient - [Consumer clientId=consumer-api_service-1, groupId=api_service] Node -1 disconnected.
2025-01-14 16:54:17 ERROR c.example.demo.service.PingService - Ошибка при проверке соединения: Время ожидания превышено
2025-01-14 16:54:38 INFO  o.apache.kafka.clients.NetworkClient - [Producer clientId=producer-1] Node -1 disconnected.
2025-01-14 16:55:19 ERROR c.example.demo.service.PingService - Ошибка при проверке соединения: Время ожидания превышено
2025-01-14 16:56:21 ERROR c.example.demo.service.PingService - Ошибка при проверке соединения: Время ожидания превышено
2025-01-14 16:57:22 ERROR c.example.demo.service.PingService - Ошибка при проверке соединения: Время ожидания превышено
2025-01-14 16:58:24 ERROR c.example.demo.service.PingService - Ошибка при проверке соединения: Время ожидания превышено
2025-01-14 16:59:25 ERROR c.example.demo.service.PingService - Ошибка при проверке соединения: Время ожидания превышено
2025-01-14 17:00:27 ERROR c.example.demo.service.PingService - Ошибка при проверке соединения: Время ожидания превышено
2025-01-14 17:01:28 ERROR c.example.demo.service.PingService - Ошибка при проверке соединения: Время ожидания превышено
2025-01-14 17:02:30 ERROR c.example.demo.service.PingService - Ошибка при проверке соединения: Время ожидания превышено
2025-01-14 17:03:30 ERROR c.example.demo.service.PingService - Ошибка при проверке соединения: Время ожидания превышено
2025-01-14 17:04:32 ERROR c.example.demo.service.PingService - Ошибка при проверке соединения: Время ожидания превышено
2025-01-14 17:05:33 ERROR c.example.demo.service.PingService - Ошибка при проверке соединения: Время ожидания превышено
2025-01-14 17:06:34 ERROR c.example.demo.service.PingService - Ошибка при проверке соединения: Время ожидания превышено
2025-01-14 17:06:49 INFO  o.a.k.c.c.i.ConsumerCoordinator - [Consumer clientId=consumer-api_service-1, groupId=api_service] Revoke previously assigned partitions response-0
2025-01-14 17:06:49 INFO  o.s.k.l.KafkaMessageListenerContainer - api_service: partitions revoked: [response-0]
2025-01-14 17:06:49 INFO  o.a.k.c.c.i.ConsumerCoordinator - [Consumer clientId=consumer-api_service-1, groupId=api_service] Member consumer-api_service-1-79df48e8-c79f-42ed-a3e3-4f9f82f94530 sending LeaveGroup request to coordinator 37.194.168.90:9092 (id: 2147483646 rack: null) due to the consumer unsubscribed from all topics
2025-01-14 17:06:49 INFO  o.a.k.c.c.i.ConsumerCoordinator - [Consumer clientId=consumer-api_service-1, groupId=api_service] Resetting generation and member id due to: consumer pro-actively leaving the group
2025-01-14 17:06:49 INFO  o.a.k.c.c.i.ConsumerCoordinator - [Consumer clientId=consumer-api_service-1, groupId=api_service] Request joining group due to: consumer pro-actively leaving the group
2025-01-14 17:06:49 INFO  o.a.k.clients.consumer.KafkaConsumer - [Consumer clientId=consumer-api_service-1, groupId=api_service] Unsubscribed all topics or patterns and assigned partitions
2025-01-14 17:06:49 INFO  o.a.k.c.c.i.ConsumerCoordinator - [Consumer clientId=consumer-api_service-1, groupId=api_service] Resetting generation and member id due to: consumer pro-actively leaving the group
2025-01-14 17:06:49 INFO  o.a.k.c.c.i.ConsumerCoordinator - [Consumer clientId=consumer-api_service-1, groupId=api_service] Request joining group due to: consumer pro-actively leaving the group
2025-01-14 17:06:49 INFO  o.a.kafka.common.metrics.Metrics - Metrics scheduler closed
2025-01-14 17:06:49 INFO  o.a.kafka.common.metrics.Metrics - Closing reporter org.apache.kafka.common.metrics.JmxReporter
2025-01-14 17:06:49 INFO  o.a.kafka.common.metrics.Metrics - Metrics reporters closed
2025-01-14 17:06:49 INFO  o.a.kafka.common.utils.AppInfoParser - App info kafka.consumer for consumer-api_service-1 unregistered
2025-01-14 17:06:49 INFO  o.s.k.l.KafkaMessageListenerContainer - api_service: Consumer stopped
2025-01-14 17:06:49 INFO  o.a.k.clients.producer.KafkaProducer - [Producer clientId=producer-1] Closing the Kafka producer with timeoutMillis = 30000 ms.
2025-01-14 17:06:49 INFO  o.a.kafka.common.metrics.Metrics - Metrics scheduler closed
2025-01-14 17:06:49 INFO  o.a.kafka.common.metrics.Metrics - Closing reporter org.apache.kafka.common.metrics.JmxReporter
2025-01-14 17:06:49 INFO  o.a.kafka.common.metrics.Metrics - Metrics reporters closed
2025-01-14 17:06:49 INFO  o.a.kafka.common.utils.AppInfoParser - App info kafka.producer for producer-1 unregistered
2025-01-14 17:06:49 INFO  o.s.o.j.LocalContainerEntityManagerFactoryBean - Closing JPA EntityManagerFactory for persistence unit 'default'
2025-01-14 17:06:49 INFO  com.zaxxer.hikari.HikariDataSource - HikariPool-1 - Shutdown initiated...
2025-01-14 17:06:51 INFO  com.zaxxer.hikari.HikariDataSource - HikariPool-1 - Shutdown completed.
2025-01-14 18:31:37 INFO  c.example.demo.ApiGateWayApplication - Starting ApiGateWayApplication using Java 17.0.13 with PID 122323 (/home/macygabr/PetProjects/ApiGateWay/target/classes started by macygabr in /home/macygabr/PetProjects/ApiGateWay)
2025-01-14 18:31:37 DEBUG c.example.demo.ApiGateWayApplication - Running with Spring Boot v3.1.0, Spring v6.0.9
2025-01-14 18:31:37 INFO  c.example.demo.ApiGateWayApplication - No active profile set, falling back to 1 default profile: "default"
2025-01-14 18:31:38 INFO  o.s.d.r.c.RepositoryConfigurationDelegate - Bootstrapping Spring Data JPA repositories in DEFAULT mode.
2025-01-14 18:31:38 INFO  o.s.d.r.c.RepositoryConfigurationDelegate - Finished Spring Data repository scanning in 32 ms. Found 1 JPA repository interfaces.
2025-01-14 18:31:38 INFO  o.s.b.w.e.tomcat.TomcatWebServer - Tomcat initialized with port(s): 8080 (http)
2025-01-14 18:31:38 INFO  o.a.coyote.http11.Http11NioProtocol - Initializing ProtocolHandler ["http-nio-8080"]
2025-01-14 18:31:38 INFO  o.a.catalina.core.StandardService - Starting service [Tomcat]
2025-01-14 18:31:38 INFO  o.a.catalina.core.StandardEngine - Starting Servlet engine: [Apache Tomcat/10.1.8]
2025-01-14 18:31:38 INFO  o.a.c.c.C.[Tomcat].[localhost].[/] - Initializing Spring embedded WebApplicationContext
2025-01-14 18:31:38 INFO  o.s.b.w.s.c.ServletWebServerApplicationContext - Root WebApplicationContext: initialization completed in 1084 ms
2025-01-14 18:31:38 INFO  o.h.jpa.internal.util.LogHelper - HHH000204: Processing PersistenceUnitInfo [name: default]
2025-01-14 18:31:38 INFO  org.hibernate.Version - HHH000412: Hibernate ORM core version 6.2.2.Final
2025-01-14 18:31:38 INFO  org.hibernate.cfg.Environment - HHH000406: Using bytecode reflection optimizer
2025-01-14 18:31:38 INFO  o.h.b.i.BytecodeProviderInitiator - HHH000021: Bytecode provider name : bytebuddy
2025-01-14 18:31:38 INFO  o.s.o.j.p.SpringPersistenceUnitInfo - No LoadTimeWeaver setup: ignoring JPA class transformer
2025-01-14 18:31:38 INFO  com.zaxxer.hikari.HikariDataSource - HikariPool-1 - Starting...
2025-01-14 18:31:41 INFO  com.zaxxer.hikari.pool.HikariPool - HikariPool-1 - Added connection org.postgresql.jdbc.PgConnection@42ffbab6
2025-01-14 18:31:41 INFO  com.zaxxer.hikari.HikariDataSource - HikariPool-1 - Start completed.
2025-01-14 18:31:41 INFO  org.hibernate.orm.dialect - HHH035001: Using dialect: org.hibernate.dialect.PostgreSQLDialect, version: org.hibernate.engine.jdbc.env.internal.JdbcEnvironmentInitiator$DialectResolutionInfoImpl@3aca2579
2025-01-14 18:31:42 INFO  o.h.b.i.BytecodeProviderInitiator - HHH000021: Bytecode provider name : bytebuddy
2025-01-14 18:31:42 INFO  o.h.e.t.j.p.i.JtaPlatformInitiator - HHH000490: Using JtaPlatform implementation: [org.hibernate.engine.transaction.jta.platform.internal.NoJtaPlatform]
2025-01-14 18:31:43 INFO  o.s.o.j.LocalContainerEntityManagerFactoryBean - Initialized JPA EntityManagerFactory for persistence unit 'default'
2025-01-14 18:31:43 DEBUG c.e.d.config.JwtAuthenticationFilter - Filter 'jwtAuthenticationFilter' configured for use
2025-01-14 18:31:44 WARN  o.s.b.a.o.j.JpaBaseConfiguration$JpaWebConfiguration - spring.jpa.open-in-view is enabled by default. Therefore, database queries may be performed during view rendering. Explicitly configure spring.jpa.open-in-view to disable this warning
2025-01-14 18:31:44 INFO  o.s.b.a.e.web.EndpointLinksResolver - Exposing 1 endpoint(s) beneath base path '/actuator'
2025-01-14 18:31:44 INFO  o.s.s.web.DefaultSecurityFilterChain - Will secure any request with [org.springframework.security.web.session.DisableEncodeUrlFilter@1b3b5252, org.springframework.security.web.context.request.async.WebAsyncManagerIntegrationFilter@adb15df, org.springframework.security.web.context.SecurityContextHolderFilter@71ae1cb, org.springframework.security.web.header.HeaderWriterFilter@6ff05f85, org.springframework.web.filter.CorsFilter@6f45be42, org.springframework.security.web.authentication.logout.LogoutFilter@f0deba2, com.example.demo.config.JwtAuthenticationFilter@1c96bf1e, org.springframework.security.web.savedrequest.RequestCacheAwareFilter@3380313d, org.springframework.security.web.servletapi.SecurityContextHolderAwareRequestFilter@37596b44, org.springframework.security.web.authentication.AnonymousAuthenticationFilter@5c7876e1, org.springframework.security.web.session.SessionManagementFilter@76fdd5f1, org.springframework.security.web.access.ExceptionTranslationFilter@7212d3df, org.springframework.security.web.access.intercept.AuthorizationFilter@6b9f5dcf]
2025-01-14 18:31:44 INFO  o.a.coyote.http11.Http11NioProtocol - Starting ProtocolHandler ["http-nio-8080"]
2025-01-14 18:31:44 INFO  o.s.b.w.e.tomcat.TomcatWebServer - Tomcat started on port(s): 8080 (http) with context path ''
2025-01-14 18:31:44 INFO  o.a.k.c.consumer.ConsumerConfig - ConsumerConfig values: 
	allow.auto.create.topics = true
	auto.commit.interval.ms = 5000
	auto.include.jmx.reporter = true
	auto.offset.reset = latest
	bootstrap.servers = [37.194.168.90:9092]
	check.crcs = true
	client.dns.lookup = use_all_dns_ips
	client.id = consumer-api_service-1
	client.rack = 
	connections.max.idle.ms = 540000
	default.api.timeout.ms = 60000
	enable.auto.commit = false
	exclude.internal.topics = true
	fetch.max.bytes = 52428800
	fetch.max.wait.ms = 500
	fetch.min.bytes = 1
	group.id = api_service
	group.instance.id = null
	heartbeat.interval.ms = 3000
	interceptor.classes = []
	internal.leave.group.on.close = true
	internal.throw.on.fetch.stable.offset.unsupported = false
	isolation.level = read_uncommitted
	key.deserializer = class org.apache.kafka.common.serialization.StringDeserializer
	max.partition.fetch.bytes = 1048576
	max.poll.interval.ms = 300000
	max.poll.records = 500
	metadata.max.age.ms = 300000
	metric.reporters = []
	metrics.num.samples = 2
	metrics.recording.level = INFO
	metrics.sample.window.ms = 30000
	partition.assignment.strategy = [class org.apache.kafka.clients.consumer.RangeAssignor, class org.apache.kafka.clients.consumer.CooperativeStickyAssignor]
	receive.buffer.bytes = 65536
	reconnect.backoff.max.ms = 1000
	reconnect.backoff.ms = 50
	request.timeout.ms = 30000
	retry.backoff.ms = 100
	sasl.client.callback.handler.class = null
	sasl.jaas.config = null
	sasl.kerberos.kinit.cmd = /usr/bin/kinit
	sasl.kerberos.min.time.before.relogin = 60000
	sasl.kerberos.service.name = null
	sasl.kerberos.ticket.renew.jitter = 0.05
	sasl.kerberos.ticket.renew.window.factor = 0.8
	sasl.login.callback.handler.class = null
	sasl.login.class = null
	sasl.login.connect.timeout.ms = null
	sasl.login.read.timeout.ms = null
	sasl.login.refresh.buffer.seconds = 300
	sasl.login.refresh.min.period.seconds = 60
	sasl.login.refresh.window.factor = 0.8
	sasl.login.refresh.window.jitter = 0.05
	sasl.login.retry.backoff.max.ms = 10000
	sasl.login.retry.backoff.ms = 100
	sasl.mechanism = GSSAPI
	sasl.oauthbearer.clock.skew.seconds = 30
	sasl.oauthbearer.expected.audience = null
	sasl.oauthbearer.expected.issuer = null
	sasl.oauthbearer.jwks.endpoint.refresh.ms = 3600000
	sasl.oauthbearer.jwks.endpoint.retry.backoff.max.ms = 10000
	sasl.oauthbearer.jwks.endpoint.retry.backoff.ms = 100
	sasl.oauthbearer.jwks.endpoint.url = null
	sasl.oauthbearer.scope.claim.name = scope
	sasl.oauthbearer.sub.claim.name = sub
	sasl.oauthbearer.token.endpoint.url = null
	security.protocol = PLAINTEXT
	security.providers = null
	send.buffer.bytes = 131072
	session.timeout.ms = 45000
	socket.connection.setup.timeout.max.ms = 30000
	socket.connection.setup.timeout.ms = 10000
	ssl.cipher.suites = null
	ssl.enabled.protocols = [TLSv1.2, TLSv1.3]
	ssl.endpoint.identification.algorithm = https
	ssl.engine.factory.class = null
	ssl.key.password = null
	ssl.keymanager.algorithm = SunX509
	ssl.keystore.certificate.chain = null
	ssl.keystore.key = null
	ssl.keystore.location = null
	ssl.keystore.password = null
	ssl.keystore.type = JKS
	ssl.protocol = TLSv1.3
	ssl.provider = null
	ssl.secure.random.implementation = null
	ssl.trustmanager.algorithm = PKIX
	ssl.truststore.certificates = null
	ssl.truststore.location = null
	ssl.truststore.password = null
	ssl.truststore.type = JKS
	value.deserializer = class org.apache.kafka.common.serialization.StringDeserializer

2025-01-14 18:31:44 INFO  o.a.kafka.common.utils.AppInfoParser - Kafka version: 3.4.0
2025-01-14 18:31:44 INFO  o.a.kafka.common.utils.AppInfoParser - Kafka commitId: 2e1947d240607d53
2025-01-14 18:31:44 INFO  o.a.kafka.common.utils.AppInfoParser - Kafka startTimeMs: 1736854304724
2025-01-14 18:31:44 INFO  o.a.k.clients.consumer.KafkaConsumer - [Consumer clientId=consumer-api_service-1, groupId=api_service] Subscribed to topic(s): response
2025-01-14 18:31:44 INFO  c.example.demo.ApiGateWayApplication - Started ApiGateWayApplication in 7.458 seconds (process running for 7.986)
2025-01-14 18:31:44 INFO  o.a.k.c.producer.ProducerConfig - ProducerConfig values: 
	acks = -1
	auto.include.jmx.reporter = true
	batch.size = 16384
	bootstrap.servers = [37.194.168.90:9092]
	buffer.memory = 33554432
	client.dns.lookup = use_all_dns_ips
	client.id = producer-1
	compression.type = none
	connections.max.idle.ms = 540000
	delivery.timeout.ms = 120000
	enable.idempotence = true
	interceptor.classes = []
	key.serializer = class org.apache.kafka.common.serialization.StringSerializer
	linger.ms = 0
	max.block.ms = 60000
	max.in.flight.requests.per.connection = 5
	max.request.size = 1048576
	metadata.max.age.ms = 300000
	metadata.max.idle.ms = 300000
	metric.reporters = []
	metrics.num.samples = 2
	metrics.recording.level = INFO
	metrics.sample.window.ms = 30000
	partitioner.adaptive.partitioning.enable = true
	partitioner.availability.timeout.ms = 0
	partitioner.class = null
	partitioner.ignore.keys = false
	receive.buffer.bytes = 32768
	reconnect.backoff.max.ms = 1000
	reconnect.backoff.ms = 50
	request.timeout.ms = 30000
	retries = 2147483647
	retry.backoff.ms = 100
	sasl.client.callback.handler.class = null
	sasl.jaas.config = null
	sasl.kerberos.kinit.cmd = /usr/bin/kinit
	sasl.kerberos.min.time.before.relogin = 60000
	sasl.kerberos.service.name = null
	sasl.kerberos.ticket.renew.jitter = 0.05
	sasl.kerberos.ticket.renew.window.factor = 0.8
	sasl.login.callback.handler.class = null
	sasl.login.class = null
	sasl.login.connect.timeout.ms = null
	sasl.login.read.timeout.ms = null
	sasl.login.refresh.buffer.seconds = 300
	sasl.login.refresh.min.period.seconds = 60
	sasl.login.refresh.window.factor = 0.8
	sasl.login.refresh.window.jitter = 0.05
	sasl.login.retry.backoff.max.ms = 10000
	sasl.login.retry.backoff.ms = 100
	sasl.mechanism = GSSAPI
	sasl.oauthbearer.clock.skew.seconds = 30
	sasl.oauthbearer.expected.audience = null
	sasl.oauthbearer.expected.issuer = null
	sasl.oauthbearer.jwks.endpoint.refresh.ms = 3600000
	sasl.oauthbearer.jwks.endpoint.retry.backoff.max.ms = 10000
	sasl.oauthbearer.jwks.endpoint.retry.backoff.ms = 100
	sasl.oauthbearer.jwks.endpoint.url = null
	sasl.oauthbearer.scope.claim.name = scope
	sasl.oauthbearer.sub.claim.name = sub
	sasl.oauthbearer.token.endpoint.url = null
	security.protocol = PLAINTEXT
	security.providers = null
	send.buffer.bytes = 131072
	socket.connection.setup.timeout.max.ms = 30000
	socket.connection.setup.timeout.ms = 10000
	ssl.cipher.suites = null
	ssl.enabled.protocols = [TLSv1.2, TLSv1.3]
	ssl.endpoint.identification.algorithm = https
	ssl.engine.factory.class = null
	ssl.key.password = null
	ssl.keymanager.algorithm = SunX509
	ssl.keystore.certificate.chain = null
	ssl.keystore.key = null
	ssl.keystore.location = null
	ssl.keystore.password = null
	ssl.keystore.type = JKS
	ssl.protocol = TLSv1.3
	ssl.provider = null
	ssl.secure.random.implementation = null
	ssl.trustmanager.algorithm = PKIX
	ssl.truststore.certificates = null
	ssl.truststore.location = null
	ssl.truststore.password = null
	ssl.truststore.type = JKS
	transaction.timeout.ms = 60000
	transactional.id = null
	value.serializer = class org.apache.kafka.common.serialization.StringSerializer

2025-01-14 18:31:44 INFO  o.a.k.clients.producer.KafkaProducer - [Producer clientId=producer-1] Instantiated an idempotent producer.
2025-01-14 18:31:44 INFO  o.a.kafka.common.utils.AppInfoParser - Kafka version: 3.4.0
2025-01-14 18:31:44 INFO  o.a.kafka.common.utils.AppInfoParser - Kafka commitId: 2e1947d240607d53
2025-01-14 18:31:44 INFO  o.a.kafka.common.utils.AppInfoParser - Kafka startTimeMs: 1736854304792
2025-01-14 18:31:45 INFO  org.apache.kafka.clients.Metadata - [Consumer clientId=consumer-api_service-1, groupId=api_service] Resetting the last seen epoch of partition response-0 to 0 since the associated topicId changed from null to qosCGtzOQC2deWwXhHSLtw
2025-01-14 18:31:45 INFO  org.apache.kafka.clients.Metadata - [Producer clientId=producer-1] Resetting the last seen epoch of partition ping-0 to 0 since the associated topicId changed from null to gMEwJwZSSTmyq8v3b0Rknw
2025-01-14 18:31:45 INFO  org.apache.kafka.clients.Metadata - [Consumer clientId=consumer-api_service-1, groupId=api_service] Cluster ID: rs0KtrdkQsGY2gwAHle7dQ
2025-01-14 18:31:45 INFO  org.apache.kafka.clients.Metadata - [Producer clientId=producer-1] Cluster ID: rs0KtrdkQsGY2gwAHle7dQ
2025-01-14 18:31:45 INFO  o.a.k.c.c.i.ConsumerCoordinator - [Consumer clientId=consumer-api_service-1, groupId=api_service] Discovered group coordinator 37.194.168.90:9092 (id: 2147483646 rack: null)
2025-01-14 18:31:45 INFO  o.a.k.c.p.i.TransactionManager - [Producer clientId=producer-1] ProducerId set to 5121 with epoch 0
2025-01-14 18:31:45 INFO  o.a.k.c.c.i.ConsumerCoordinator - [Consumer clientId=consumer-api_service-1, groupId=api_service] (Re-)joining group
2025-01-14 18:31:45 INFO  o.a.k.c.c.i.ConsumerCoordinator - [Consumer clientId=consumer-api_service-1, groupId=api_service] Request joining group due to: need to re-join with the given member-id: consumer-api_service-1-8b4eecdd-4940-42c5-8c50-de86d25f28e8
2025-01-14 18:31:45 INFO  o.a.k.c.c.i.ConsumerCoordinator - [Consumer clientId=consumer-api_service-1, groupId=api_service] Request joining group due to: rebalance failed due to 'The group member needs to have a valid member id before actually entering a consumer group.' (MemberIdRequiredException)
2025-01-14 18:31:45 INFO  o.a.k.c.c.i.ConsumerCoordinator - [Consumer clientId=consumer-api_service-1, groupId=api_service] (Re-)joining group
2025-01-14 18:31:48 INFO  o.a.k.c.c.i.ConsumerCoordinator - [Consumer clientId=consumer-api_service-1, groupId=api_service] Successfully joined group with generation Generation{generationId=145, memberId='consumer-api_service-1-8b4eecdd-4940-42c5-8c50-de86d25f28e8', protocol='range'}
2025-01-14 18:31:48 INFO  o.a.k.c.c.i.ConsumerCoordinator - [Consumer clientId=consumer-api_service-1, groupId=api_service] Finished assignment for group at generation 145: {consumer-api_service-1-8b4eecdd-4940-42c5-8c50-de86d25f28e8=Assignment(partitions=[response-0])}
2025-01-14 18:31:48 INFO  o.a.k.c.c.i.ConsumerCoordinator - [Consumer clientId=consumer-api_service-1, groupId=api_service] Successfully synced group in generation Generation{generationId=145, memberId='consumer-api_service-1-8b4eecdd-4940-42c5-8c50-de86d25f28e8', protocol='range'}
2025-01-14 18:31:48 INFO  o.a.k.c.c.i.ConsumerCoordinator - [Consumer clientId=consumer-api_service-1, groupId=api_service] Notifying assignor about the new Assignment(partitions=[response-0])
2025-01-14 18:31:48 INFO  o.a.k.c.c.i.ConsumerCoordinator - [Consumer clientId=consumer-api_service-1, groupId=api_service] Adding newly assigned partitions: response-0
2025-01-14 18:31:48 INFO  o.a.k.c.c.i.ConsumerCoordinator - [Consumer clientId=consumer-api_service-1, groupId=api_service] Setting offset for partition response-0 to the committed offset FetchPosition{offset=3064, offsetEpoch=Optional.empty, currentLeader=LeaderAndEpoch{leader=Optional[37.194.168.90:9092 (id: 1 rack: null)], epoch=0}}
2025-01-14 18:31:48 INFO  o.s.k.l.KafkaMessageListenerContainer - api_service: partitions assigned: [response-0]
2025-01-14 18:31:55 ERROR c.example.demo.service.PingService - Ошибка при проверке соединения: Время ожидания превышено
2025-01-14 18:32:16 INFO  o.a.c.c.C.[Tomcat].[localhost].[/] - Initializing Spring DispatcherServlet 'dispatcherServlet'
2025-01-14 18:32:16 INFO  o.s.web.servlet.DispatcherServlet - Initializing Servlet 'dispatcherServlet'
2025-01-14 18:32:16 INFO  o.s.web.servlet.DispatcherServlet - Completed initialization in 3 ms
2025-01-14 18:32:17 DEBUG c.example.demo.service.SchoolService - Сформированный JSON: {"size":25,"campusId":"46e7d965-21e9-4936-bea9-f5ea0d1fddf2","page":0}
2025-01-14 18:32:17 INFO  org.apache.kafka.clients.Metadata - [Producer clientId=producer-1] Resetting the last seen epoch of partition peers-0 to 0 since the associated topicId changed from null to 4KFTppFNQIqDvF62kFtcnA
2025-01-14 18:32:54 ERROR c.example.demo.service.PingService - Ошибка при проверке соединения: Время ожидания превышено
2025-01-14 18:33:54 ERROR c.example.demo.service.PingService - Ошибка при проверке соединения: Время ожидания превышено
2025-01-14 18:34:36 DEBUG c.example.demo.service.SchoolService - Сформированный JSON: {"size":25,"campusId":"46e7d965-21e9-4936-bea9-f5ea0d1fddf2","page":0}
2025-01-14 18:34:54 ERROR c.example.demo.service.PingService - Ошибка при проверке соединения: Время ожидания превышено
2025-01-14 18:35:54 ERROR c.example.demo.service.PingService - Ошибка при проверке соединения: Время ожидания превышено
2025-01-14 18:36:45 INFO  org.apache.kafka.clients.Metadata - [Producer clientId=producer-1] Resetting the last seen epoch of partition ping-0 to 0 since the associated topicId changed from null to gMEwJwZSSTmyq8v3b0Rknw
2025-01-14 18:36:54 ERROR c.example.demo.service.PingService - Ошибка при проверке соединения: Время ожидания превышено
2025-01-14 18:37:02 DEBUG c.example.demo.service.SchoolService - Сформированный JSON: {"size":25,"campusId":"46e7d965-21e9-4936-bea9-f5ea0d1fddf2","page":0}
2025-01-14 18:37:15 DEBUG c.example.demo.service.SchoolService - Сформированный JSON: {"size":2,"campusId":"46e7d965-21e9-4936-bea9-f5ea0d1fddf2","page":0}
2025-01-14 18:37:54 ERROR c.example.demo.service.PingService - Ошибка при проверке соединения: Время ожидания превышено
2025-01-14 18:38:54 ERROR c.example.demo.service.PingService - Ошибка при проверке соединения: Время ожидания превышено
2025-01-14 18:39:54 ERROR c.example.demo.service.PingService - Ошибка при проверке соединения: Время ожидания превышено
2025-01-14 18:40:45 INFO  o.apache.kafka.clients.NetworkClient - [Consumer clientId=consumer-api_service-1, groupId=api_service] Node -1 disconnected.
2025-01-14 18:40:54 ERROR c.example.demo.service.PingService - Ошибка при проверке соединения: Время ожидания превышено
2025-01-14 18:41:14 INFO  o.apache.kafka.clients.NetworkClient - [Producer clientId=producer-1] Node -1 disconnected.
2025-01-14 18:41:54 ERROR c.example.demo.service.PingService - Ошибка при проверке соединения: Время ожидания превышено
2025-01-14 18:42:54 ERROR c.example.demo.service.PingService - Ошибка при проверке соединения: Время ожидания превышено
2025-01-14 18:43:54 ERROR c.example.demo.service.PingService - Ошибка при проверке соединения: Время ожидания превышено
2025-01-14 18:44:54 ERROR c.example.demo.service.PingService - Ошибка при проверке соединения: Время ожидания превышено
2025-01-14 18:45:12 DEBUG c.example.demo.service.SchoolService - Сформированный JSON: {"size":2,"campusId":"46e7d965-21e9-4936-bea9-f5ea0d1fddf2","page":0}
2025-01-14 18:45:18 DEBUG c.example.demo.service.SchoolService - Сформированный JSON: {"size":5,"campusId":"46e7d965-21e9-4936-bea9-f5ea0d1fddf2","page":0}
2025-01-14 18:45:54 ERROR c.example.demo.service.PingService - Ошибка при проверке соединения: Время ожидания превышено
2025-01-14 18:46:17 INFO  o.s.api.AbstractOpenApiResource - Init duration for springdoc-openapi is: 204 ms
2025-01-14 18:46:54 ERROR c.example.demo.service.PingService - Ошибка при проверке соединения: Время ожидания превышено
2025-01-14 18:47:54 ERROR c.example.demo.service.PingService - Ошибка при проверке соединения: Время ожидания превышено
