2025-01-07 11:51:40 INFO  c.example.demo.ApiGateWayApplication - Starting ApiGateWayApplication using Java 17.0.13 with PID 3172 (/home/macygabr/PetProjects/ApiGateWay/target/classes started by macygabr in /home/macygabr/PetProjects/ApiGateWay)
2025-01-07 11:51:40 DEBUG c.example.demo.ApiGateWayApplication - Running with Spring Boot v3.1.0, Spring v6.0.9
2025-01-07 11:51:40 INFO  c.example.demo.ApiGateWayApplication - No active profile set, falling back to 1 default profile: "default"
2025-01-07 11:51:41 INFO  o.s.d.r.c.RepositoryConfigurationDelegate - Bootstrapping Spring Data JPA repositories in DEFAULT mode.
2025-01-07 11:51:41 INFO  o.s.d.r.c.RepositoryConfigurationDelegate - Finished Spring Data repository scanning in 60 ms. Found 1 JPA repository interfaces.
2025-01-07 11:51:42 INFO  o.s.b.w.e.tomcat.TomcatWebServer - Tomcat initialized with port(s): 8080 (http)
2025-01-07 11:51:42 INFO  o.a.coyote.http11.Http11NioProtocol - Initializing ProtocolHandler ["http-nio-8080"]
2025-01-07 11:51:42 INFO  o.a.catalina.core.StandardService - Starting service [Tomcat]
2025-01-07 11:51:42 INFO  o.a.catalina.core.StandardEngine - Starting Servlet engine: [Apache Tomcat/10.1.8]
2025-01-07 11:51:42 INFO  o.a.c.c.C.[Tomcat].[localhost].[/] - Initializing Spring embedded WebApplicationContext
2025-01-07 11:51:42 INFO  o.s.b.w.s.c.ServletWebServerApplicationContext - Root WebApplicationContext: initialization completed in 2388 ms
2025-01-07 11:51:43 INFO  o.h.jpa.internal.util.LogHelper - HHH000204: Processing PersistenceUnitInfo [name: default]
2025-01-07 11:51:43 INFO  org.hibernate.Version - HHH000412: Hibernate ORM core version 6.2.2.Final
2025-01-07 11:51:43 INFO  org.hibernate.cfg.Environment - HHH000406: Using bytecode reflection optimizer
2025-01-07 11:51:43 INFO  o.h.b.i.BytecodeProviderInitiator - HHH000021: Bytecode provider name : bytebuddy
2025-01-07 11:51:43 INFO  o.s.o.j.p.SpringPersistenceUnitInfo - No LoadTimeWeaver setup: ignoring JPA class transformer
2025-01-07 11:51:43 INFO  com.zaxxer.hikari.HikariDataSource - HikariPool-1 - Starting...
2025-01-07 11:51:45 INFO  com.zaxxer.hikari.pool.HikariPool - HikariPool-1 - Added connection org.postgresql.jdbc.PgConnection@4bab78ce
2025-01-07 11:51:45 INFO  com.zaxxer.hikari.HikariDataSource - HikariPool-1 - Start completed.
2025-01-07 11:51:46 INFO  org.hibernate.orm.dialect - HHH035001: Using dialect: org.hibernate.dialect.PostgreSQLDialect, version: org.hibernate.engine.jdbc.env.internal.JdbcEnvironmentInitiator$DialectResolutionInfoImpl@5814b4fb
2025-01-07 11:51:47 INFO  o.h.b.i.BytecodeProviderInitiator - HHH000021: Bytecode provider name : bytebuddy
2025-01-07 11:51:48 INFO  o.h.e.t.j.p.i.JtaPlatformInitiator - HHH000490: Using JtaPlatform implementation: [org.hibernate.engine.transaction.jta.platform.internal.NoJtaPlatform]
2025-01-07 11:51:49 INFO  o.s.o.j.LocalContainerEntityManagerFactoryBean - Initialized JPA EntityManagerFactory for persistence unit 'default'
2025-01-07 11:51:50 DEBUG c.e.d.config.JwtAuthenticationFilter - Filter 'jwtAuthenticationFilter' configured for use
2025-01-07 11:51:50 WARN  o.s.b.a.o.j.JpaBaseConfiguration$JpaWebConfiguration - spring.jpa.open-in-view is enabled by default. Therefore, database queries may be performed during view rendering. Explicitly configure spring.jpa.open-in-view to disable this warning
2025-01-07 11:51:51 INFO  o.s.b.a.e.web.EndpointLinksResolver - Exposing 1 endpoint(s) beneath base path '/actuator'
2025-01-07 11:51:51 INFO  o.s.s.web.DefaultSecurityFilterChain - Will secure any request with [org.springframework.security.web.session.DisableEncodeUrlFilter@2552cb80, org.springframework.security.web.context.request.async.WebAsyncManagerIntegrationFilter@1b3b5252, org.springframework.security.web.context.SecurityContextHolderFilter@2a4a95c4, org.springframework.security.web.header.HeaderWriterFilter@9886ec3, org.springframework.web.filter.CorsFilter@adb15df, org.springframework.security.web.authentication.logout.LogoutFilter@726882da, com.example.demo.config.JwtAuthenticationFilter@78839c2e, org.springframework.security.web.savedrequest.RequestCacheAwareFilter@1f50fe84, org.springframework.security.web.servletapi.SecurityContextHolderAwareRequestFilter@5e2ab1c, org.springframework.security.web.authentication.AnonymousAuthenticationFilter@6f45be42, org.springframework.security.web.session.SessionManagementFilter@731bdcca, org.springframework.security.web.access.ExceptionTranslationFilter@36299b83, org.springframework.security.web.access.intercept.AuthorizationFilter@2802caa2]
2025-01-07 11:51:51 INFO  o.a.coyote.http11.Http11NioProtocol - Starting ProtocolHandler ["http-nio-8080"]
2025-01-07 11:51:51 INFO  o.s.b.w.e.tomcat.TomcatWebServer - Tomcat started on port(s): 8080 (http) with context path ''
2025-01-07 11:51:51 INFO  o.a.k.c.consumer.ConsumerConfig - ConsumerConfig values: 
	allow.auto.create.topics = true
	auto.commit.interval.ms = 5000
	auto.include.jmx.reporter = true
	auto.offset.reset = latest
	bootstrap.servers = [37.194.168.90:9092]
	check.crcs = true
	client.dns.lookup = use_all_dns_ips
	client.id = consumer-api_service-1
	client.rack = 
	connections.max.idle.ms = 540000
	default.api.timeout.ms = 60000
	enable.auto.commit = false
	exclude.internal.topics = true
	fetch.max.bytes = 52428800
	fetch.max.wait.ms = 500
	fetch.min.bytes = 1
	group.id = api_service
	group.instance.id = null
	heartbeat.interval.ms = 3000
	interceptor.classes = []
	internal.leave.group.on.close = true
	internal.throw.on.fetch.stable.offset.unsupported = false
	isolation.level = read_uncommitted
	key.deserializer = class org.apache.kafka.common.serialization.StringDeserializer
	max.partition.fetch.bytes = 1048576
	max.poll.interval.ms = 300000
	max.poll.records = 500
	metadata.max.age.ms = 300000
	metric.reporters = []
	metrics.num.samples = 2
	metrics.recording.level = INFO
	metrics.sample.window.ms = 30000
	partition.assignment.strategy = [class org.apache.kafka.clients.consumer.RangeAssignor, class org.apache.kafka.clients.consumer.CooperativeStickyAssignor]
	receive.buffer.bytes = 65536
	reconnect.backoff.max.ms = 1000
	reconnect.backoff.ms = 50
	request.timeout.ms = 30000
	retry.backoff.ms = 100
	sasl.client.callback.handler.class = null
	sasl.jaas.config = null
	sasl.kerberos.kinit.cmd = /usr/bin/kinit
	sasl.kerberos.min.time.before.relogin = 60000
	sasl.kerberos.service.name = null
	sasl.kerberos.ticket.renew.jitter = 0.05
	sasl.kerberos.ticket.renew.window.factor = 0.8
	sasl.login.callback.handler.class = null
	sasl.login.class = null
	sasl.login.connect.timeout.ms = null
	sasl.login.read.timeout.ms = null
	sasl.login.refresh.buffer.seconds = 300
	sasl.login.refresh.min.period.seconds = 60
	sasl.login.refresh.window.factor = 0.8
	sasl.login.refresh.window.jitter = 0.05
	sasl.login.retry.backoff.max.ms = 10000
	sasl.login.retry.backoff.ms = 100
	sasl.mechanism = GSSAPI
	sasl.oauthbearer.clock.skew.seconds = 30
	sasl.oauthbearer.expected.audience = null
	sasl.oauthbearer.expected.issuer = null
	sasl.oauthbearer.jwks.endpoint.refresh.ms = 3600000
	sasl.oauthbearer.jwks.endpoint.retry.backoff.max.ms = 10000
	sasl.oauthbearer.jwks.endpoint.retry.backoff.ms = 100
	sasl.oauthbearer.jwks.endpoint.url = null
	sasl.oauthbearer.scope.claim.name = scope
	sasl.oauthbearer.sub.claim.name = sub
	sasl.oauthbearer.token.endpoint.url = null
	security.protocol = PLAINTEXT
	security.providers = null
	send.buffer.bytes = 131072
	session.timeout.ms = 45000
	socket.connection.setup.timeout.max.ms = 30000
	socket.connection.setup.timeout.ms = 10000
	ssl.cipher.suites = null
	ssl.enabled.protocols = [TLSv1.2, TLSv1.3]
	ssl.endpoint.identification.algorithm = https
	ssl.engine.factory.class = null
	ssl.key.password = null
	ssl.keymanager.algorithm = SunX509
	ssl.keystore.certificate.chain = null
	ssl.keystore.key = null
	ssl.keystore.location = null
	ssl.keystore.password = null
	ssl.keystore.type = JKS
	ssl.protocol = TLSv1.3
	ssl.provider = null
	ssl.secure.random.implementation = null
	ssl.trustmanager.algorithm = PKIX
	ssl.truststore.certificates = null
	ssl.truststore.location = null
	ssl.truststore.password = null
	ssl.truststore.type = JKS
	value.deserializer = class org.apache.kafka.common.serialization.StringDeserializer

2025-01-07 11:51:51 INFO  o.a.kafka.common.utils.AppInfoParser - Kafka version: 3.4.0
2025-01-07 11:51:51 INFO  o.a.kafka.common.utils.AppInfoParser - Kafka commitId: 2e1947d240607d53
2025-01-07 11:51:51 INFO  o.a.kafka.common.utils.AppInfoParser - Kafka startTimeMs: 1736225511953
2025-01-07 11:51:51 INFO  o.a.k.clients.consumer.KafkaConsumer - [Consumer clientId=consumer-api_service-1, groupId=api_service] Subscribed to topic(s): response
2025-01-07 11:51:51 INFO  c.example.demo.ApiGateWayApplication - Started ApiGateWayApplication in 12.181 seconds (process running for 13.303)
2025-01-07 11:51:52 INFO  o.a.k.c.producer.ProducerConfig - ProducerConfig values: 
	acks = -1
	auto.include.jmx.reporter = true
	batch.size = 16384
	bootstrap.servers = [37.194.168.90:9092]
	buffer.memory = 33554432
	client.dns.lookup = use_all_dns_ips
	client.id = producer-1
	compression.type = none
	connections.max.idle.ms = 540000
	delivery.timeout.ms = 120000
	enable.idempotence = true
	interceptor.classes = []
	key.serializer = class org.apache.kafka.common.serialization.StringSerializer
	linger.ms = 0
	max.block.ms = 60000
	max.in.flight.requests.per.connection = 5
	max.request.size = 1048576
	metadata.max.age.ms = 300000
	metadata.max.idle.ms = 300000
	metric.reporters = []
	metrics.num.samples = 2
	metrics.recording.level = INFO
	metrics.sample.window.ms = 30000
	partitioner.adaptive.partitioning.enable = true
	partitioner.availability.timeout.ms = 0
	partitioner.class = null
	partitioner.ignore.keys = false
	receive.buffer.bytes = 32768
	reconnect.backoff.max.ms = 1000
	reconnect.backoff.ms = 50
	request.timeout.ms = 30000
	retries = 2147483647
	retry.backoff.ms = 100
	sasl.client.callback.handler.class = null
	sasl.jaas.config = null
	sasl.kerberos.kinit.cmd = /usr/bin/kinit
	sasl.kerberos.min.time.before.relogin = 60000
	sasl.kerberos.service.name = null
	sasl.kerberos.ticket.renew.jitter = 0.05
	sasl.kerberos.ticket.renew.window.factor = 0.8
	sasl.login.callback.handler.class = null
	sasl.login.class = null
	sasl.login.connect.timeout.ms = null
	sasl.login.read.timeout.ms = null
	sasl.login.refresh.buffer.seconds = 300
	sasl.login.refresh.min.period.seconds = 60
	sasl.login.refresh.window.factor = 0.8
	sasl.login.refresh.window.jitter = 0.05
	sasl.login.retry.backoff.max.ms = 10000
	sasl.login.retry.backoff.ms = 100
	sasl.mechanism = GSSAPI
	sasl.oauthbearer.clock.skew.seconds = 30
	sasl.oauthbearer.expected.audience = null
	sasl.oauthbearer.expected.issuer = null
	sasl.oauthbearer.jwks.endpoint.refresh.ms = 3600000
	sasl.oauthbearer.jwks.endpoint.retry.backoff.max.ms = 10000
	sasl.oauthbearer.jwks.endpoint.retry.backoff.ms = 100
	sasl.oauthbearer.jwks.endpoint.url = null
	sasl.oauthbearer.scope.claim.name = scope
	sasl.oauthbearer.sub.claim.name = sub
	sasl.oauthbearer.token.endpoint.url = null
	security.protocol = PLAINTEXT
	security.providers = null
	send.buffer.bytes = 131072
	socket.connection.setup.timeout.max.ms = 30000
	socket.connection.setup.timeout.ms = 10000
	ssl.cipher.suites = null
	ssl.enabled.protocols = [TLSv1.2, TLSv1.3]
	ssl.endpoint.identification.algorithm = https
	ssl.engine.factory.class = null
	ssl.key.password = null
	ssl.keymanager.algorithm = SunX509
	ssl.keystore.certificate.chain = null
	ssl.keystore.key = null
	ssl.keystore.location = null
	ssl.keystore.password = null
	ssl.keystore.type = JKS
	ssl.protocol = TLSv1.3
	ssl.provider = null
	ssl.secure.random.implementation = null
	ssl.trustmanager.algorithm = PKIX
	ssl.truststore.certificates = null
	ssl.truststore.location = null
	ssl.truststore.password = null
	ssl.truststore.type = JKS
	transaction.timeout.ms = 60000
	transactional.id = null
	value.serializer = class org.apache.kafka.common.serialization.StringSerializer

2025-01-07 11:51:52 INFO  o.a.k.clients.producer.KafkaProducer - [Producer clientId=producer-1] Instantiated an idempotent producer.
2025-01-07 11:51:52 INFO  o.a.kafka.common.utils.AppInfoParser - Kafka version: 3.4.0
2025-01-07 11:51:52 INFO  o.a.kafka.common.utils.AppInfoParser - Kafka commitId: 2e1947d240607d53
2025-01-07 11:51:52 INFO  o.a.kafka.common.utils.AppInfoParser - Kafka startTimeMs: 1736225512097
2025-01-07 11:51:52 INFO  org.apache.kafka.clients.Metadata - [Producer clientId=producer-1] Resetting the last seen epoch of partition ping-0 to 0 since the associated topicId changed from null to gMEwJwZSSTmyq8v3b0Rknw
2025-01-07 11:51:52 INFO  org.apache.kafka.clients.Metadata - [Consumer clientId=consumer-api_service-1, groupId=api_service] Resetting the last seen epoch of partition response-0 to 0 since the associated topicId changed from null to qosCGtzOQC2deWwXhHSLtw
2025-01-07 11:51:52 INFO  org.apache.kafka.clients.Metadata - [Producer clientId=producer-1] Cluster ID: rs0KtrdkQsGY2gwAHle7dQ
2025-01-07 11:51:52 INFO  org.apache.kafka.clients.Metadata - [Consumer clientId=consumer-api_service-1, groupId=api_service] Cluster ID: rs0KtrdkQsGY2gwAHle7dQ
2025-01-07 11:51:52 INFO  o.a.k.c.c.i.ConsumerCoordinator - [Consumer clientId=consumer-api_service-1, groupId=api_service] Discovered group coordinator 37.194.168.90:9092 (id: 2147483646 rack: null)
2025-01-07 11:51:52 INFO  o.a.k.c.c.i.ConsumerCoordinator - [Consumer clientId=consumer-api_service-1, groupId=api_service] (Re-)joining group
2025-01-07 11:51:52 INFO  o.a.k.c.c.i.ConsumerCoordinator - [Consumer clientId=consumer-api_service-1, groupId=api_service] Request joining group due to: need to re-join with the given member-id: consumer-api_service-1-62d6048e-f1d6-406b-89f6-e715ae69bfe7
2025-01-07 11:51:52 INFO  o.a.k.c.c.i.ConsumerCoordinator - [Consumer clientId=consumer-api_service-1, groupId=api_service] Request joining group due to: rebalance failed due to 'The group member needs to have a valid member id before actually entering a consumer group.' (MemberIdRequiredException)
2025-01-07 11:51:52 INFO  o.a.k.c.c.i.ConsumerCoordinator - [Consumer clientId=consumer-api_service-1, groupId=api_service] (Re-)joining group
2025-01-07 11:51:52 INFO  o.a.k.c.p.i.TransactionManager - [Producer clientId=producer-1] ProducerId set to 5069 with epoch 0
2025-01-07 11:51:55 INFO  o.a.k.c.c.i.ConsumerCoordinator - [Consumer clientId=consumer-api_service-1, groupId=api_service] Successfully joined group with generation Generation{generationId=121, memberId='consumer-api_service-1-62d6048e-f1d6-406b-89f6-e715ae69bfe7', protocol='range'}
2025-01-07 11:51:55 INFO  o.a.k.c.c.i.ConsumerCoordinator - [Consumer clientId=consumer-api_service-1, groupId=api_service] Finished assignment for group at generation 121: {consumer-api_service-1-62d6048e-f1d6-406b-89f6-e715ae69bfe7=Assignment(partitions=[response-0])}
2025-01-07 11:51:55 INFO  o.a.k.c.c.i.ConsumerCoordinator - [Consumer clientId=consumer-api_service-1, groupId=api_service] Successfully synced group in generation Generation{generationId=121, memberId='consumer-api_service-1-62d6048e-f1d6-406b-89f6-e715ae69bfe7', protocol='range'}
2025-01-07 11:51:55 INFO  o.a.k.c.c.i.ConsumerCoordinator - [Consumer clientId=consumer-api_service-1, groupId=api_service] Notifying assignor about the new Assignment(partitions=[response-0])
2025-01-07 11:51:55 INFO  o.a.k.c.c.i.ConsumerCoordinator - [Consumer clientId=consumer-api_service-1, groupId=api_service] Adding newly assigned partitions: response-0
2025-01-07 11:51:55 INFO  o.a.k.c.c.i.ConsumerCoordinator - [Consumer clientId=consumer-api_service-1, groupId=api_service] Setting offset for partition response-0 to the committed offset FetchPosition{offset=2977, offsetEpoch=Optional.empty, currentLeader=LeaderAndEpoch{leader=Optional[37.194.168.90:9092 (id: 1 rack: null)], epoch=0}}
2025-01-07 11:51:56 INFO  o.s.k.l.KafkaMessageListenerContainer - api_service: partitions assigned: [response-0]
2025-01-07 11:51:56 INFO  o.a.c.c.C.[Tomcat].[localhost].[/] - Initializing Spring DispatcherServlet 'dispatcherServlet'
2025-01-07 11:51:56 INFO  o.s.web.servlet.DispatcherServlet - Initializing Servlet 'dispatcherServlet'
2025-01-07 11:51:56 INFO  o.s.web.servlet.DispatcherServlet - Completed initialization in 2 ms
2025-01-07 11:51:57 INFO  o.s.api.AbstractOpenApiResource - Init duration for springdoc-openapi is: 376 ms
2025-01-07 11:52:02 ERROR c.example.demo.service.PingService - Ошибка при проверке соединения: Время ожидания превышено
2025-01-07 11:52:09 DEBUG c.example.demo.service.SchoolService - Сформированный JSON: {"size":25,"campusId":"46e7d965-21e9-4936-bea9-f5ea0d1fddf2","page":0}
2025-01-07 11:52:10 INFO  org.apache.kafka.clients.Metadata - [Producer clientId=producer-1] Resetting the last seen epoch of partition peers-0 to 0 since the associated topicId changed from null to 4KFTppFNQIqDvF62kFtcnA
2025-01-07 11:52:58 ERROR c.example.demo.service.PingService - Ошибка при проверке соединения: Время ожидания превышено
2025-01-07 11:53:58 ERROR c.example.demo.service.PingService - Ошибка при проверке соединения: Время ожидания превышено
2025-01-07 11:54:55 ERROR c.example.demo.service.PingService - Ошибка при проверке соединения: Время ожидания превышено
2025-01-07 11:55:52 ERROR c.example.demo.service.PingService - Ошибка при проверке соединения: Время ожидания превышено
2025-01-07 11:56:49 ERROR c.example.demo.service.PingService - Ошибка при проверке соединения: Время ожидания превышено
2025-01-07 11:56:52 INFO  org.apache.kafka.clients.Metadata - [Producer clientId=producer-1] Resetting the last seen epoch of partition ping-0 to 0 since the associated topicId changed from null to gMEwJwZSSTmyq8v3b0Rknw
2025-01-07 11:57:46 ERROR c.example.demo.service.PingService - Ошибка при проверке соединения: Время ожидания превышено
2025-01-07 11:58:42 ERROR c.example.demo.service.PingService - Ошибка при проверке соединения: Время ожидания превышено
2025-01-07 11:59:34 DEBUG c.example.demo.service.SchoolService - Сформированный JSON: {"size":25,"campusId":"46e7d965-21e9-4936-bea9-f5ea0d1fddf2","page":0}
2025-01-07 11:59:39 ERROR c.example.demo.service.PingService - Ошибка при проверке соединения: Время ожидания превышено
2025-01-07 12:00:28 INFO  o.apache.kafka.clients.NetworkClient - [Consumer clientId=consumer-api_service-1, groupId=api_service] Node -1 disconnected.
2025-01-07 12:00:36 ERROR c.example.demo.service.PingService - Ошибка при проверке соединения: Время ожидания превышено
2025-01-07 12:00:56 INFO  o.apache.kafka.clients.NetworkClient - [Producer clientId=producer-1] Node -1 disconnected.
2025-01-07 12:01:05 DEBUG c.example.demo.service.SchoolService - Сформированный JSON: {"size":25,"campusId":"46e7d965-21e9-4936-bea9-f5ea0d1fddf2","page":0}
2025-01-07 12:01:34 ERROR c.example.demo.service.PingService - Ошибка при проверке соединения: Время ожидания превышено
2025-01-07 12:02:31 ERROR c.example.demo.service.PingService - Ошибка при проверке соединения: Время ожидания превышено
2025-01-07 12:03:28 ERROR c.example.demo.service.PingService - Ошибка при проверке соединения: Время ожидания превышено
2025-01-07 12:04:24 ERROR c.example.demo.service.PingService - Ошибка при проверке соединения: Время ожидания превышено
2025-01-07 12:04:39 DEBUG c.example.demo.service.SchoolService - Сформированный JSON: {"size":25,"campusId":"46e7d965-21e9-4936-bea9-f5ea0d1fddf2","page":0}
2025-01-07 12:05:11 DEBUG c.example.demo.service.SchoolService - Сформированный JSON: {"size":25,"campusId":"46e7d965-21e9-4936-bea9-f5ea0d1fddf2","page":0}
2025-01-07 12:05:21 ERROR c.example.demo.service.PingService - Ошибка при проверке соединения: Время ожидания превышено
2025-01-07 12:06:00 DEBUG c.example.demo.service.SchoolService - Сформированный JSON: {"size":25,"campusId":"46e7d965-21e9-4936-bea9-f5ea0d1fddf2","page":0}
2025-01-07 12:06:18 ERROR c.example.demo.service.PingService - Ошибка при проверке соединения: Время ожидания превышено
2025-01-07 12:07:15 ERROR c.example.demo.service.PingService - Ошибка при проверке соединения: Время ожидания превышено
2025-01-07 12:08:13 ERROR c.example.demo.service.PingService - Ошибка при проверке соединения: Время ожидания превышено
2025-01-07 12:09:10 ERROR c.example.demo.service.PingService - Ошибка при проверке соединения: Время ожидания превышено
2025-01-07 12:10:06 ERROR c.example.demo.service.PingService - Ошибка при проверке соединения: Время ожидания превышено
2025-01-07 12:11:03 ERROR c.example.demo.service.PingService - Ошибка при проверке соединения: Время ожидания превышено
2025-01-07 12:12:00 ERROR c.example.demo.service.PingService - Ошибка при проверке соединения: Время ожидания превышено
2025-01-07 12:12:56 ERROR c.example.demo.service.PingService - Ошибка при проверке соединения: Время ожидания превышено
2025-01-07 12:13:53 ERROR c.example.demo.service.PingService - Ошибка при проверке соединения: Время ожидания превышено
2025-01-07 12:14:51 ERROR c.example.demo.service.PingService - Ошибка при проверке соединения: Время ожидания превышено
2025-01-07 12:15:48 ERROR c.example.demo.service.PingService - Ошибка при проверке соединения: Время ожидания превышено
2025-01-07 12:16:44 ERROR c.example.demo.service.PingService - Ошибка при проверке соединения: Время ожидания превышено
2025-01-07 12:17:41 ERROR c.example.demo.service.PingService - Ошибка при проверке соединения: Время ожидания превышено
2025-01-07 12:18:37 ERROR c.example.demo.service.PingService - Ошибка при проверке соединения: Время ожидания превышено
2025-01-07 12:19:15 INFO  o.a.k.c.c.i.ConsumerCoordinator - [Consumer clientId=consumer-api_service-1, groupId=api_service] Attempt to heartbeat with Generation{generationId=121, memberId='consumer-api_service-1-62d6048e-f1d6-406b-89f6-e715ae69bfe7', protocol='range'} and group instance id Optional.empty failed due to UNKNOWN_MEMBER_ID, resetting generation
2025-01-07 12:19:15 INFO  o.a.k.c.c.i.ConsumerCoordinator - [Consumer clientId=consumer-api_service-1, groupId=api_service] Resetting generation and member id due to: encountered UNKNOWN_MEMBER_ID from HEARTBEAT response
2025-01-07 12:19:15 INFO  o.a.k.c.c.i.ConsumerCoordinator - [Consumer clientId=consumer-api_service-1, groupId=api_service] Request joining group due to: encountered UNKNOWN_MEMBER_ID from HEARTBEAT response
2025-01-07 12:19:15 INFO  o.a.k.c.c.i.ConsumerCoordinator - [Consumer clientId=consumer-api_service-1, groupId=api_service] Giving away all assigned partitions as lost since generation/memberID has been reset,indicating that consumer is in old state or no longer part of the group
2025-01-07 12:19:15 INFO  o.a.k.c.c.i.ConsumerCoordinator - [Consumer clientId=consumer-api_service-1, groupId=api_service] Lost previously assigned partitions response-0
2025-01-07 12:19:15 INFO  o.s.k.l.KafkaMessageListenerContainer - api_service: partitions lost: [response-0]
2025-01-07 12:19:15 INFO  o.s.k.l.KafkaMessageListenerContainer - api_service: partitions revoked: [response-0]
2025-01-07 12:19:15 INFO  o.a.k.c.c.i.ConsumerCoordinator - [Consumer clientId=consumer-api_service-1, groupId=api_service] (Re-)joining group
2025-01-07 12:19:15 INFO  o.a.k.c.c.i.ConsumerCoordinator - [Consumer clientId=consumer-api_service-1, groupId=api_service] Request joining group due to: need to re-join with the given member-id: consumer-api_service-1-22799f37-535b-4732-a3a7-ffa266a0b09b
2025-01-07 12:19:15 INFO  o.a.k.c.c.i.ConsumerCoordinator - [Consumer clientId=consumer-api_service-1, groupId=api_service] Request joining group due to: rebalance failed due to 'The group member needs to have a valid member id before actually entering a consumer group.' (MemberIdRequiredException)
2025-01-07 12:19:15 INFO  o.a.k.c.c.i.ConsumerCoordinator - [Consumer clientId=consumer-api_service-1, groupId=api_service] (Re-)joining group
2025-01-07 12:21:28 INFO  o.a.k.c.c.i.ConsumerCoordinator - [Consumer clientId=consumer-api_service-1, groupId=api_service] Successfully joined group with generation Generation{generationId=123, memberId='consumer-api_service-1-22799f37-535b-4732-a3a7-ffa266a0b09b', protocol='range'}
2025-01-07 12:21:28 INFO  o.a.k.c.c.i.ConsumerCoordinator - [Consumer clientId=consumer-api_service-1, groupId=api_service] Finished assignment for group at generation 123: {consumer-api_service-1-22799f37-535b-4732-a3a7-ffa266a0b09b=Assignment(partitions=[response-0])}
2025-01-07 12:21:28 INFO  o.a.k.c.c.i.ConsumerCoordinator - [Consumer clientId=consumer-api_service-1, groupId=api_service] Successfully synced group in generation Generation{generationId=123, memberId='consumer-api_service-1-22799f37-535b-4732-a3a7-ffa266a0b09b', protocol='range'}
2025-01-07 12:21:28 INFO  o.a.k.c.c.i.ConsumerCoordinator - [Consumer clientId=consumer-api_service-1, groupId=api_service] Notifying assignor about the new Assignment(partitions=[response-0])
2025-01-07 12:21:28 INFO  o.a.k.c.c.i.ConsumerCoordinator - [Consumer clientId=consumer-api_service-1, groupId=api_service] Adding newly assigned partitions: response-0
2025-01-07 12:21:28 INFO  o.a.k.c.c.i.ConsumerCoordinator - [Consumer clientId=consumer-api_service-1, groupId=api_service] Setting offset for partition response-0 to the committed offset FetchPosition{offset=2983, offsetEpoch=Optional.empty, currentLeader=LeaderAndEpoch{leader=Optional[37.194.168.90:9092 (id: 1 rack: null)], epoch=0}}
2025-01-07 12:21:28 INFO  o.s.k.l.KafkaMessageListenerContainer - api_service: partitions assigned: [response-0]
2025-01-07 12:21:45 ERROR c.example.demo.service.PingService - Ошибка при проверке соединения: Время ожидания превышено
2025-01-07 12:21:59 INFO  o.a.k.c.c.i.ConsumerCoordinator - [Consumer clientId=consumer-api_service-1, groupId=api_service] Revoke previously assigned partitions response-0
2025-01-07 12:21:59 INFO  o.s.k.l.KafkaMessageListenerContainer - api_service: partitions revoked: [response-0]
2025-01-07 12:21:59 INFO  o.a.k.c.c.i.ConsumerCoordinator - [Consumer clientId=consumer-api_service-1, groupId=api_service] Member consumer-api_service-1-22799f37-535b-4732-a3a7-ffa266a0b09b sending LeaveGroup request to coordinator 37.194.168.90:9092 (id: 2147483646 rack: null) due to the consumer unsubscribed from all topics
2025-01-07 12:21:59 INFO  o.a.k.c.c.i.ConsumerCoordinator - [Consumer clientId=consumer-api_service-1, groupId=api_service] Resetting generation and member id due to: consumer pro-actively leaving the group
2025-01-07 12:21:59 INFO  o.a.k.c.c.i.ConsumerCoordinator - [Consumer clientId=consumer-api_service-1, groupId=api_service] Request joining group due to: consumer pro-actively leaving the group
2025-01-07 12:21:59 INFO  o.a.k.clients.consumer.KafkaConsumer - [Consumer clientId=consumer-api_service-1, groupId=api_service] Unsubscribed all topics or patterns and assigned partitions
2025-01-07 12:21:59 INFO  o.a.k.c.c.i.ConsumerCoordinator - [Consumer clientId=consumer-api_service-1, groupId=api_service] Resetting generation and member id due to: consumer pro-actively leaving the group
2025-01-07 12:21:59 INFO  o.a.k.c.c.i.ConsumerCoordinator - [Consumer clientId=consumer-api_service-1, groupId=api_service] Request joining group due to: consumer pro-actively leaving the group
2025-01-07 12:21:59 INFO  o.a.kafka.common.metrics.Metrics - Metrics scheduler closed
2025-01-07 12:21:59 INFO  o.a.kafka.common.metrics.Metrics - Closing reporter org.apache.kafka.common.metrics.JmxReporter
2025-01-07 12:21:59 INFO  o.a.kafka.common.metrics.Metrics - Metrics reporters closed
2025-01-07 12:21:59 INFO  o.a.kafka.common.utils.AppInfoParser - App info kafka.consumer for consumer-api_service-1 unregistered
2025-01-07 12:21:59 INFO  o.s.k.l.KafkaMessageListenerContainer - api_service: Consumer stopped
2025-01-07 12:21:59 INFO  o.a.k.clients.producer.KafkaProducer - [Producer clientId=producer-1] Closing the Kafka producer with timeoutMillis = 30000 ms.
2025-01-07 12:21:59 INFO  o.a.kafka.common.metrics.Metrics - Metrics scheduler closed
2025-01-07 12:21:59 INFO  o.a.kafka.common.metrics.Metrics - Closing reporter org.apache.kafka.common.metrics.JmxReporter
2025-01-07 12:21:59 INFO  o.a.kafka.common.metrics.Metrics - Metrics reporters closed
2025-01-07 12:21:59 INFO  o.a.kafka.common.utils.AppInfoParser - App info kafka.producer for producer-1 unregistered
2025-01-07 12:21:59 INFO  o.s.o.j.LocalContainerEntityManagerFactoryBean - Closing JPA EntityManagerFactory for persistence unit 'default'
2025-01-07 12:21:59 INFO  com.zaxxer.hikari.HikariDataSource - HikariPool-1 - Shutdown initiated...
2025-01-07 12:22:03 INFO  com.zaxxer.hikari.HikariDataSource - HikariPool-1 - Shutdown completed.
2025-01-07 13:30:40 INFO  c.example.demo.ApiGateWayApplication - Starting ApiGateWayApplication using Java 17.0.13 with PID 6871 (/home/macygabr/PetProjects/ApiGateWay/target/classes started by macygabr in /home/macygabr/PetProjects/ApiGateWay)
2025-01-07 13:30:40 DEBUG c.example.demo.ApiGateWayApplication - Running with Spring Boot v3.1.0, Spring v6.0.9
2025-01-07 13:30:40 INFO  c.example.demo.ApiGateWayApplication - No active profile set, falling back to 1 default profile: "default"
2025-01-07 13:30:43 INFO  o.s.d.r.c.RepositoryConfigurationDelegate - Bootstrapping Spring Data JPA repositories in DEFAULT mode.
2025-01-07 13:30:43 INFO  o.s.d.r.c.RepositoryConfigurationDelegate - Finished Spring Data repository scanning in 97 ms. Found 1 JPA repository interfaces.
2025-01-07 13:30:44 INFO  o.s.b.w.e.tomcat.TomcatWebServer - Tomcat initialized with port(s): 8080 (http)
2025-01-07 13:30:44 INFO  o.a.coyote.http11.Http11NioProtocol - Initializing ProtocolHandler ["http-nio-8080"]
2025-01-07 13:30:44 INFO  o.a.catalina.core.StandardService - Starting service [Tomcat]
2025-01-07 13:30:44 INFO  o.a.catalina.core.StandardEngine - Starting Servlet engine: [Apache Tomcat/10.1.8]
2025-01-07 13:30:44 INFO  o.a.c.c.C.[Tomcat].[localhost].[/] - Initializing Spring embedded WebApplicationContext
2025-01-07 13:30:44 INFO  o.s.b.w.s.c.ServletWebServerApplicationContext - Root WebApplicationContext: initialization completed in 3941 ms
2025-01-07 13:30:45 INFO  o.h.jpa.internal.util.LogHelper - HHH000204: Processing PersistenceUnitInfo [name: default]
2025-01-07 13:30:45 INFO  org.hibernate.Version - HHH000412: Hibernate ORM core version 6.2.2.Final
2025-01-07 13:30:45 INFO  org.hibernate.cfg.Environment - HHH000406: Using bytecode reflection optimizer
2025-01-07 13:30:45 INFO  o.h.b.i.BytecodeProviderInitiator - HHH000021: Bytecode provider name : bytebuddy
2025-01-07 13:30:45 INFO  o.s.o.j.p.SpringPersistenceUnitInfo - No LoadTimeWeaver setup: ignoring JPA class transformer
2025-01-07 13:30:45 INFO  com.zaxxer.hikari.HikariDataSource - HikariPool-1 - Starting...
2025-01-07 13:30:49 INFO  com.zaxxer.hikari.pool.HikariPool - HikariPool-1 - Added connection org.postgresql.jdbc.PgConnection@e993715
2025-01-07 13:30:49 INFO  com.zaxxer.hikari.HikariDataSource - HikariPool-1 - Start completed.
2025-01-07 13:30:50 INFO  org.hibernate.orm.dialect - HHH035001: Using dialect: org.hibernate.dialect.PostgreSQLDialect, version: org.hibernate.engine.jdbc.env.internal.JdbcEnvironmentInitiator$DialectResolutionInfoImpl@39c5a105
2025-01-07 13:30:51 INFO  o.h.b.i.BytecodeProviderInitiator - HHH000021: Bytecode provider name : bytebuddy
2025-01-07 13:30:53 INFO  o.h.e.t.j.p.i.JtaPlatformInitiator - HHH000490: Using JtaPlatform implementation: [org.hibernate.engine.transaction.jta.platform.internal.NoJtaPlatform]
2025-01-07 13:30:54 INFO  o.s.o.j.LocalContainerEntityManagerFactoryBean - Initialized JPA EntityManagerFactory for persistence unit 'default'
2025-01-07 13:30:55 DEBUG c.e.d.config.JwtAuthenticationFilter - Filter 'jwtAuthenticationFilter' configured for use
2025-01-07 13:30:56 WARN  o.s.b.a.o.j.JpaBaseConfiguration$JpaWebConfiguration - spring.jpa.open-in-view is enabled by default. Therefore, database queries may be performed during view rendering. Explicitly configure spring.jpa.open-in-view to disable this warning
2025-01-07 13:30:57 INFO  o.s.b.a.e.web.EndpointLinksResolver - Exposing 1 endpoint(s) beneath base path '/actuator'
2025-01-07 13:30:57 INFO  o.s.s.web.DefaultSecurityFilterChain - Will secure any request with [org.springframework.security.web.session.DisableEncodeUrlFilter@59bf79f3, org.springframework.security.web.context.request.async.WebAsyncManagerIntegrationFilter@4c663fda, org.springframework.security.web.context.SecurityContextHolderFilter@2f46bc25, org.springframework.security.web.header.HeaderWriterFilter@112f8f8f, org.springframework.web.filter.CorsFilter@f1d5f3, org.springframework.security.web.authentication.logout.LogoutFilter@2e1b1d22, com.example.demo.config.JwtAuthenticationFilter@29ebaf2f, org.springframework.security.web.savedrequest.RequestCacheAwareFilter@1f4d9c7f, org.springframework.security.web.servletapi.SecurityContextHolderAwareRequestFilter@12ce659, org.springframework.security.web.authentication.AnonymousAuthenticationFilter@50ba19df, org.springframework.security.web.session.SessionManagementFilter@3e3c6323, org.springframework.security.web.access.ExceptionTranslationFilter@7a458c73, org.springframework.security.web.access.intercept.AuthorizationFilter@3284f91f]
2025-01-07 13:30:59 INFO  o.a.coyote.http11.Http11NioProtocol - Starting ProtocolHandler ["http-nio-8080"]
2025-01-07 13:30:59 INFO  o.s.b.w.e.tomcat.TomcatWebServer - Tomcat started on port(s): 8080 (http) with context path ''
2025-01-07 13:30:59 INFO  o.a.k.c.consumer.ConsumerConfig - ConsumerConfig values: 
	allow.auto.create.topics = true
	auto.commit.interval.ms = 5000
	auto.include.jmx.reporter = true
	auto.offset.reset = latest
	bootstrap.servers = [37.194.168.90:9092]
	check.crcs = true
	client.dns.lookup = use_all_dns_ips
	client.id = consumer-api_service-1
	client.rack = 
	connections.max.idle.ms = 540000
	default.api.timeout.ms = 60000
	enable.auto.commit = false
	exclude.internal.topics = true
	fetch.max.bytes = 52428800
	fetch.max.wait.ms = 500
	fetch.min.bytes = 1
	group.id = api_service
	group.instance.id = null
	heartbeat.interval.ms = 3000
	interceptor.classes = []
	internal.leave.group.on.close = true
	internal.throw.on.fetch.stable.offset.unsupported = false
	isolation.level = read_uncommitted
	key.deserializer = class org.apache.kafka.common.serialization.StringDeserializer
	max.partition.fetch.bytes = 1048576
	max.poll.interval.ms = 300000
	max.poll.records = 500
	metadata.max.age.ms = 300000
	metric.reporters = []
	metrics.num.samples = 2
	metrics.recording.level = INFO
	metrics.sample.window.ms = 30000
	partition.assignment.strategy = [class org.apache.kafka.clients.consumer.RangeAssignor, class org.apache.kafka.clients.consumer.CooperativeStickyAssignor]
	receive.buffer.bytes = 65536
	reconnect.backoff.max.ms = 1000
	reconnect.backoff.ms = 50
	request.timeout.ms = 30000
	retry.backoff.ms = 100
	sasl.client.callback.handler.class = null
	sasl.jaas.config = null
	sasl.kerberos.kinit.cmd = /usr/bin/kinit
	sasl.kerberos.min.time.before.relogin = 60000
	sasl.kerberos.service.name = null
	sasl.kerberos.ticket.renew.jitter = 0.05
	sasl.kerberos.ticket.renew.window.factor = 0.8
	sasl.login.callback.handler.class = null
	sasl.login.class = null
	sasl.login.connect.timeout.ms = null
	sasl.login.read.timeout.ms = null
	sasl.login.refresh.buffer.seconds = 300
	sasl.login.refresh.min.period.seconds = 60
	sasl.login.refresh.window.factor = 0.8
	sasl.login.refresh.window.jitter = 0.05
	sasl.login.retry.backoff.max.ms = 10000
	sasl.login.retry.backoff.ms = 100
	sasl.mechanism = GSSAPI
	sasl.oauthbearer.clock.skew.seconds = 30
	sasl.oauthbearer.expected.audience = null
	sasl.oauthbearer.expected.issuer = null
	sasl.oauthbearer.jwks.endpoint.refresh.ms = 3600000
	sasl.oauthbearer.jwks.endpoint.retry.backoff.max.ms = 10000
	sasl.oauthbearer.jwks.endpoint.retry.backoff.ms = 100
	sasl.oauthbearer.jwks.endpoint.url = null
	sasl.oauthbearer.scope.claim.name = scope
	sasl.oauthbearer.sub.claim.name = sub
	sasl.oauthbearer.token.endpoint.url = null
	security.protocol = PLAINTEXT
	security.providers = null
	send.buffer.bytes = 131072
	session.timeout.ms = 45000
	socket.connection.setup.timeout.max.ms = 30000
	socket.connection.setup.timeout.ms = 10000
	ssl.cipher.suites = null
	ssl.enabled.protocols = [TLSv1.2, TLSv1.3]
	ssl.endpoint.identification.algorithm = https
	ssl.engine.factory.class = null
	ssl.key.password = null
	ssl.keymanager.algorithm = SunX509
	ssl.keystore.certificate.chain = null
	ssl.keystore.key = null
	ssl.keystore.location = null
	ssl.keystore.password = null
	ssl.keystore.type = JKS
	ssl.protocol = TLSv1.3
	ssl.provider = null
	ssl.secure.random.implementation = null
	ssl.trustmanager.algorithm = PKIX
	ssl.truststore.certificates = null
	ssl.truststore.location = null
	ssl.truststore.password = null
	ssl.truststore.type = JKS
	value.deserializer = class org.apache.kafka.common.serialization.StringDeserializer

2025-01-07 13:30:59 INFO  o.a.kafka.common.utils.AppInfoParser - Kafka version: 3.4.0
2025-01-07 13:30:59 INFO  o.a.kafka.common.utils.AppInfoParser - Kafka commitId: 2e1947d240607d53
2025-01-07 13:30:59 INFO  o.a.kafka.common.utils.AppInfoParser - Kafka startTimeMs: 1736231459763
2025-01-07 13:30:59 INFO  o.a.k.clients.consumer.KafkaConsumer - [Consumer clientId=consumer-api_service-1, groupId=api_service] Subscribed to topic(s): response
2025-01-07 13:30:59 INFO  c.example.demo.ApiGateWayApplication - Started ApiGateWayApplication in 20.113 seconds (process running for 22.442)
2025-01-07 13:31:00 INFO  o.a.k.c.producer.ProducerConfig - ProducerConfig values: 
	acks = -1
	auto.include.jmx.reporter = true
	batch.size = 16384
	bootstrap.servers = [37.194.168.90:9092]
	buffer.memory = 33554432
	client.dns.lookup = use_all_dns_ips
	client.id = producer-1
	compression.type = none
	connections.max.idle.ms = 540000
	delivery.timeout.ms = 120000
	enable.idempotence = true
	interceptor.classes = []
	key.serializer = class org.apache.kafka.common.serialization.StringSerializer
	linger.ms = 0
	max.block.ms = 60000
	max.in.flight.requests.per.connection = 5
	max.request.size = 1048576
	metadata.max.age.ms = 300000
	metadata.max.idle.ms = 300000
	metric.reporters = []
	metrics.num.samples = 2
	metrics.recording.level = INFO
	metrics.sample.window.ms = 30000
	partitioner.adaptive.partitioning.enable = true
	partitioner.availability.timeout.ms = 0
	partitioner.class = null
	partitioner.ignore.keys = false
	receive.buffer.bytes = 32768
	reconnect.backoff.max.ms = 1000
	reconnect.backoff.ms = 50
	request.timeout.ms = 30000
	retries = 2147483647
	retry.backoff.ms = 100
	sasl.client.callback.handler.class = null
	sasl.jaas.config = null
	sasl.kerberos.kinit.cmd = /usr/bin/kinit
	sasl.kerberos.min.time.before.relogin = 60000
	sasl.kerberos.service.name = null
	sasl.kerberos.ticket.renew.jitter = 0.05
	sasl.kerberos.ticket.renew.window.factor = 0.8
	sasl.login.callback.handler.class = null
	sasl.login.class = null
	sasl.login.connect.timeout.ms = null
	sasl.login.read.timeout.ms = null
	sasl.login.refresh.buffer.seconds = 300
	sasl.login.refresh.min.period.seconds = 60
	sasl.login.refresh.window.factor = 0.8
	sasl.login.refresh.window.jitter = 0.05
	sasl.login.retry.backoff.max.ms = 10000
	sasl.login.retry.backoff.ms = 100
	sasl.mechanism = GSSAPI
	sasl.oauthbearer.clock.skew.seconds = 30
	sasl.oauthbearer.expected.audience = null
	sasl.oauthbearer.expected.issuer = null
	sasl.oauthbearer.jwks.endpoint.refresh.ms = 3600000
	sasl.oauthbearer.jwks.endpoint.retry.backoff.max.ms = 10000
	sasl.oauthbearer.jwks.endpoint.retry.backoff.ms = 100
	sasl.oauthbearer.jwks.endpoint.url = null
	sasl.oauthbearer.scope.claim.name = scope
	sasl.oauthbearer.sub.claim.name = sub
	sasl.oauthbearer.token.endpoint.url = null
	security.protocol = PLAINTEXT
	security.providers = null
	send.buffer.bytes = 131072
	socket.connection.setup.timeout.max.ms = 30000
	socket.connection.setup.timeout.ms = 10000
	ssl.cipher.suites = null
	ssl.enabled.protocols = [TLSv1.2, TLSv1.3]
	ssl.endpoint.identification.algorithm = https
	ssl.engine.factory.class = null
	ssl.key.password = null
	ssl.keymanager.algorithm = SunX509
	ssl.keystore.certificate.chain = null
	ssl.keystore.key = null
	ssl.keystore.location = null
	ssl.keystore.password = null
	ssl.keystore.type = JKS
	ssl.protocol = TLSv1.3
	ssl.provider = null
	ssl.secure.random.implementation = null
	ssl.trustmanager.algorithm = PKIX
	ssl.truststore.certificates = null
	ssl.truststore.location = null
	ssl.truststore.password = null
	ssl.truststore.type = JKS
	transaction.timeout.ms = 60000
	transactional.id = null
	value.serializer = class org.apache.kafka.common.serialization.StringSerializer

2025-01-07 13:31:00 INFO  o.a.k.clients.producer.KafkaProducer - [Producer clientId=producer-1] Instantiated an idempotent producer.
2025-01-07 13:31:00 INFO  o.a.kafka.common.utils.AppInfoParser - Kafka version: 3.4.0
2025-01-07 13:31:00 INFO  o.a.kafka.common.utils.AppInfoParser - Kafka commitId: 2e1947d240607d53
2025-01-07 13:31:00 INFO  o.a.kafka.common.utils.AppInfoParser - Kafka startTimeMs: 1736231460192
2025-01-07 13:31:01 INFO  org.apache.kafka.clients.Metadata - [Producer clientId=producer-1] Resetting the last seen epoch of partition ping-0 to 0 since the associated topicId changed from null to gMEwJwZSSTmyq8v3b0Rknw
2025-01-07 13:31:01 INFO  org.apache.kafka.clients.Metadata - [Consumer clientId=consumer-api_service-1, groupId=api_service] Resetting the last seen epoch of partition response-0 to 0 since the associated topicId changed from null to qosCGtzOQC2deWwXhHSLtw
2025-01-07 13:31:01 INFO  org.apache.kafka.clients.Metadata - [Producer clientId=producer-1] Cluster ID: rs0KtrdkQsGY2gwAHle7dQ
2025-01-07 13:31:01 INFO  org.apache.kafka.clients.Metadata - [Consumer clientId=consumer-api_service-1, groupId=api_service] Cluster ID: rs0KtrdkQsGY2gwAHle7dQ
2025-01-07 13:31:01 INFO  o.a.k.c.c.i.ConsumerCoordinator - [Consumer clientId=consumer-api_service-1, groupId=api_service] Discovered group coordinator 37.194.168.90:9092 (id: 2147483646 rack: null)
2025-01-07 13:31:01 INFO  o.a.k.c.p.i.TransactionManager - [Producer clientId=producer-1] ProducerId set to 5076 with epoch 0
2025-01-07 13:31:01 INFO  o.a.k.c.c.i.ConsumerCoordinator - [Consumer clientId=consumer-api_service-1, groupId=api_service] (Re-)joining group
2025-01-07 13:31:01 INFO  o.a.k.c.c.i.ConsumerCoordinator - [Consumer clientId=consumer-api_service-1, groupId=api_service] Request joining group due to: need to re-join with the given member-id: consumer-api_service-1-4db8acea-0733-4a13-9e66-d95c49eef6f0
2025-01-07 13:31:01 INFO  o.a.k.c.c.i.ConsumerCoordinator - [Consumer clientId=consumer-api_service-1, groupId=api_service] Request joining group due to: rebalance failed due to 'The group member needs to have a valid member id before actually entering a consumer group.' (MemberIdRequiredException)
2025-01-07 13:31:01 INFO  o.a.k.c.c.i.ConsumerCoordinator - [Consumer clientId=consumer-api_service-1, groupId=api_service] (Re-)joining group
2025-01-07 13:31:01 INFO  o.a.c.c.C.[Tomcat].[localhost].[/] - Initializing Spring DispatcherServlet 'dispatcherServlet'
2025-01-07 13:31:01 INFO  o.s.web.servlet.DispatcherServlet - Initializing Servlet 'dispatcherServlet'
2025-01-07 13:31:01 INFO  o.s.web.servlet.DispatcherServlet - Completed initialization in 5 ms
2025-01-07 13:31:02 INFO  o.a.k.c.c.i.ConsumerCoordinator - [Consumer clientId=consumer-api_service-1, groupId=api_service] Successfully joined group with generation Generation{generationId=125, memberId='consumer-api_service-1-4db8acea-0733-4a13-9e66-d95c49eef6f0', protocol='range'}
2025-01-07 13:31:02 INFO  o.a.k.c.c.i.ConsumerCoordinator - [Consumer clientId=consumer-api_service-1, groupId=api_service] Finished assignment for group at generation 125: {consumer-api_service-1-4db8acea-0733-4a13-9e66-d95c49eef6f0=Assignment(partitions=[response-0])}
2025-01-07 13:31:02 INFO  o.a.k.c.c.i.ConsumerCoordinator - [Consumer clientId=consumer-api_service-1, groupId=api_service] Successfully synced group in generation Generation{generationId=125, memberId='consumer-api_service-1-4db8acea-0733-4a13-9e66-d95c49eef6f0', protocol='range'}
2025-01-07 13:31:02 INFO  o.a.k.c.c.i.ConsumerCoordinator - [Consumer clientId=consumer-api_service-1, groupId=api_service] Notifying assignor about the new Assignment(partitions=[response-0])
2025-01-07 13:31:02 INFO  o.a.k.c.c.i.ConsumerCoordinator - [Consumer clientId=consumer-api_service-1, groupId=api_service] Adding newly assigned partitions: response-0
2025-01-07 13:31:02 INFO  o.a.k.c.c.i.ConsumerCoordinator - [Consumer clientId=consumer-api_service-1, groupId=api_service] Setting offset for partition response-0 to the committed offset FetchPosition{offset=2983, offsetEpoch=Optional.empty, currentLeader=LeaderAndEpoch{leader=Optional[37.194.168.90:9092 (id: 1 rack: null)], epoch=0}}
2025-01-07 13:31:02 INFO  o.s.k.l.KafkaMessageListenerContainer - api_service: partitions assigned: [response-0]
2025-01-07 13:31:03 INFO  o.s.api.AbstractOpenApiResource - Init duration for springdoc-openapi is: 703 ms
2025-01-07 13:31:09 ERROR c.example.demo.service.PingService - Ошибка при проверке соединения: Время ожидания превышено
2025-01-07 13:31:24 DEBUG c.example.demo.service.SchoolService - Сформированный JSON: {"size":25,"campusId":"46e7d965-21e9-4936-bea9-f5ea0d1fddf2","page":0}
2025-01-07 13:31:25 INFO  org.apache.kafka.clients.Metadata - [Producer clientId=producer-1] Resetting the last seen epoch of partition peers-0 to 0 since the associated topicId changed from null to 4KFTppFNQIqDvF62kFtcnA
2025-01-07 13:32:03 ERROR c.example.demo.service.PingService - Ошибка при проверке соединения: Время ожидания превышено
2025-01-07 13:32:50 DEBUG c.example.demo.service.SchoolService - Сформированный JSON: {"size":25,"campusId":"46e7d965-21e9-4936-bea9-f5ea0d1fddf2","page":0}
2025-01-07 13:33:01 ERROR c.example.demo.service.PingService - Ошибка при проверке соединения: Время ожидания превышено
2025-01-07 13:33:03 DEBUG c.example.demo.service.SchoolService - Сформированный JSON: {"size":25,"campusId":"46e7d965-21e9-4936-bea9-f5ea0d1fddf2","page":0}
2025-01-07 13:33:57 ERROR c.example.demo.service.PingService - Ошибка при проверке соединения: Время ожидания превышено
2025-01-07 13:34:53 ERROR c.example.demo.service.PingService - Ошибка при проверке соединения: Время ожидания превышено
2025-01-07 13:35:06 DEBUG c.example.demo.service.SchoolService - Сформированный JSON: {"size":25,"campusId":"46e7d965-21e9-4936-bea9-f5ea0d1fddf2","page":0}
2025-01-07 13:35:49 ERROR c.example.demo.service.PingService - Ошибка при проверке соединения: Время ожидания превышено
2025-01-07 13:36:01 INFO  org.apache.kafka.clients.Metadata - [Producer clientId=producer-1] Resetting the last seen epoch of partition ping-0 to 0 since the associated topicId changed from null to gMEwJwZSSTmyq8v3b0Rknw
2025-01-07 13:36:46 ERROR c.example.demo.service.PingService - Ошибка при проверке соединения: Время ожидания превышено
2025-01-07 13:37:42 ERROR c.example.demo.service.PingService - Ошибка при проверке соединения: Время ожидания превышено
2025-01-07 13:38:38 ERROR c.example.demo.service.PingService - Ошибка при проверке соединения: Время ожидания превышено
2025-01-07 13:39:27 INFO  o.apache.kafka.clients.NetworkClient - [Consumer clientId=consumer-api_service-1, groupId=api_service] Node -1 disconnected.
2025-01-07 13:39:36 ERROR c.example.demo.service.PingService - Ошибка при проверке соединения: Время ожидания превышено
2025-01-07 13:39:54 INFO  o.apache.kafka.clients.NetworkClient - [Producer clientId=producer-1] Node -1 disconnected.
2025-01-07 13:40:32 ERROR c.example.demo.service.PingService - Ошибка при проверке соединения: Время ожидания превышено
2025-01-07 13:41:27 ERROR c.example.demo.service.PingService - Ошибка при проверке соединения: Время ожидания превышено
2025-01-07 13:42:23 ERROR c.example.demo.service.PingService - Ошибка при проверке соединения: Время ожидания превышено
2025-01-07 13:43:19 ERROR c.example.demo.service.PingService - Ошибка при проверке соединения: Время ожидания превышено
2025-01-07 13:44:15 ERROR c.example.demo.service.PingService - Ошибка при проверке соединения: Время ожидания превышено
2025-01-07 13:45:10 ERROR c.example.demo.service.PingService - Ошибка при проверке соединения: Время ожидания превышено
2025-01-07 13:45:51 DEBUG c.example.demo.service.SchoolService - Сформированный JSON: {"size":25,"campusId":"46e7d965-21e9-4936-bea9-f5ea0d1fddf2","page":0}
2025-01-07 13:45:56 DEBUG c.example.demo.service.SchoolService - Сформированный JSON: {"size":25,"campusId":"46e7d965-21e9-4936-bea9-f5ea0d1fddf2","page":0}
2025-01-07 13:46:08 ERROR c.example.demo.service.PingService - Ошибка при проверке соединения: Время ожидания превышено
2025-01-07 13:46:34 DEBUG c.example.demo.service.SchoolService - Сформированный JSON: {"size":25,"campusId":"46e7d965-21e9-4936-bea9-f5ea0d1fddf2","page":0}
2025-01-07 13:46:39 DEBUG c.example.demo.service.SchoolService - Сформированный JSON: {"size":25,"campusId":"46e7d965-21e9-4936-bea9-f5ea0d1fddf2","page":0}
2025-01-07 13:47:04 ERROR c.example.demo.service.PingService - Ошибка при проверке соединения: Время ожидания превышено
2025-01-07 13:48:00 ERROR c.example.demo.service.PingService - Ошибка при проверке соединения: Время ожидания превышено
2025-01-07 13:48:55 ERROR c.example.demo.service.PingService - Ошибка при проверке соединения: Время ожидания превышено
2025-01-07 13:49:15 DEBUG c.example.demo.service.SchoolService - Сформированный JSON: {"size":25,"campusId":"46e7d965-21e9-4936-bea9-f5ea0d1fddf2","page":0}
2025-01-07 13:49:19 DEBUG c.example.demo.service.SchoolService - Сформированный JSON: {"size":25,"campusId":"46e7d965-21e9-4936-bea9-f5ea0d1fddf2","page":0}
2025-01-07 13:49:51 ERROR c.example.demo.service.PingService - Ошибка при проверке соединения: Время ожидания превышено
2025-01-07 13:49:54 INFO  org.apache.kafka.clients.Metadata - [Producer clientId=producer-1] Resetting the last seen epoch of partition ping-0 to 0 since the associated topicId changed from null to gMEwJwZSSTmyq8v3b0Rknw
2025-01-07 13:50:46 ERROR c.example.demo.service.PingService - Ошибка при проверке соединения: Время ожидания превышено
2025-01-07 13:51:42 ERROR c.example.demo.service.PingService - Ошибка при проверке соединения: Время ожидания превышено
2025-01-07 13:52:40 ERROR c.example.demo.service.PingService - Ошибка при проверке соединения: Время ожидания превышено
2025-01-07 13:53:35 ERROR c.example.demo.service.PingService - Ошибка при проверке соединения: Время ожидания превышено
2025-01-07 13:54:31 ERROR c.example.demo.service.PingService - Ошибка при проверке соединения: Время ожидания превышено
2025-01-07 13:55:27 ERROR c.example.demo.service.PingService - Ошибка при проверке соединения: Время ожидания превышено
2025-01-07 13:56:22 ERROR c.example.demo.service.PingService - Ошибка при проверке соединения: Время ожидания превышено
2025-01-07 13:57:18 ERROR c.example.demo.service.PingService - Ошибка при проверке соединения: Время ожидания превышено
2025-01-07 13:58:13 ERROR c.example.demo.service.PingService - Ошибка при проверке соединения: Время ожидания превышено
2025-01-07 13:59:08 ERROR c.example.demo.service.PingService - Ошибка при проверке соединения: Время ожидания превышено
2025-01-07 14:00:06 ERROR c.example.demo.service.PingService - Ошибка при проверке соединения: Время ожидания превышено
2025-01-07 14:01:02 ERROR c.example.demo.service.PingService - Ошибка при проверке соединения: Время ожидания превышено
2025-01-07 14:01:57 ERROR c.example.demo.service.PingService - Ошибка при проверке соединения: Время ожидания превышено
2025-01-07 14:02:54 ERROR c.example.demo.service.PingService - Ошибка при проверке соединения: Время ожидания превышено
2025-01-07 14:03:49 ERROR c.example.demo.service.PingService - Ошибка при проверке соединения: Время ожидания превышено
2025-01-07 14:04:45 ERROR c.example.demo.service.PingService - Ошибка при проверке соединения: Время ожидания превышено
2025-01-07 14:05:40 ERROR c.example.demo.service.PingService - Ошибка при проверке соединения: Время ожидания превышено
2025-01-07 14:06:35 ERROR c.example.demo.service.PingService - Ошибка при проверке соединения: Время ожидания превышено
2025-01-07 14:07:31 ERROR c.example.demo.service.PingService - Ошибка при проверке соединения: Время ожидания превышено
2025-01-07 14:08:26 ERROR c.example.demo.service.PingService - Ошибка при проверке соединения: Время ожидания превышено
2025-01-07 14:09:24 ERROR c.example.demo.service.PingService - Ошибка при проверке соединения: Время ожидания превышено
2025-01-07 14:10:19 ERROR c.example.demo.service.PingService - Ошибка при проверке соединения: Время ожидания превышено
2025-01-07 14:11:15 ERROR c.example.demo.service.PingService - Ошибка при проверке соединения: Время ожидания превышено
2025-01-07 14:12:10 ERROR c.example.demo.service.PingService - Ошибка при проверке соединения: Время ожидания превышено
2025-01-07 14:13:06 ERROR c.example.demo.service.PingService - Ошибка при проверке соединения: Время ожидания превышено
2025-01-07 14:14:01 ERROR c.example.demo.service.PingService - Ошибка при проверке соединения: Время ожидания превышено
2025-01-07 14:14:56 ERROR c.example.demo.service.PingService - Ошибка при проверке соединения: Время ожидания превышено
2025-01-07 14:15:52 ERROR c.example.demo.service.PingService - Ошибка при проверке соединения: Время ожидания превышено
2025-01-07 14:16:49 ERROR c.example.demo.service.PingService - Ошибка при проверке соединения: Время ожидания превышено
2025-01-07 14:17:40 INFO  o.a.k.c.c.i.ConsumerCoordinator - [Consumer clientId=consumer-api_service-1, groupId=api_service] Revoke previously assigned partitions response-0
2025-01-07 14:17:40 INFO  o.s.k.l.KafkaMessageListenerContainer - api_service: partitions revoked: [response-0]
2025-01-07 14:17:40 INFO  o.a.k.c.c.i.ConsumerCoordinator - [Consumer clientId=consumer-api_service-1, groupId=api_service] Member consumer-api_service-1-4db8acea-0733-4a13-9e66-d95c49eef6f0 sending LeaveGroup request to coordinator 37.194.168.90:9092 (id: 2147483646 rack: null) due to the consumer unsubscribed from all topics
2025-01-07 14:17:40 INFO  o.a.k.c.c.i.ConsumerCoordinator - [Consumer clientId=consumer-api_service-1, groupId=api_service] Resetting generation and member id due to: consumer pro-actively leaving the group
2025-01-07 14:17:40 INFO  o.a.k.c.c.i.ConsumerCoordinator - [Consumer clientId=consumer-api_service-1, groupId=api_service] Request joining group due to: consumer pro-actively leaving the group
2025-01-07 14:17:40 INFO  o.a.k.clients.consumer.KafkaConsumer - [Consumer clientId=consumer-api_service-1, groupId=api_service] Unsubscribed all topics or patterns and assigned partitions
2025-01-07 14:17:40 INFO  o.a.k.c.c.i.ConsumerCoordinator - [Consumer clientId=consumer-api_service-1, groupId=api_service] Resetting generation and member id due to: consumer pro-actively leaving the group
2025-01-07 14:17:40 INFO  o.a.k.c.c.i.ConsumerCoordinator - [Consumer clientId=consumer-api_service-1, groupId=api_service] Request joining group due to: consumer pro-actively leaving the group
2025-01-07 14:17:40 INFO  o.a.kafka.common.metrics.Metrics - Metrics scheduler closed
2025-01-07 14:17:40 INFO  o.a.kafka.common.metrics.Metrics - Closing reporter org.apache.kafka.common.metrics.JmxReporter
2025-01-07 14:17:40 INFO  o.a.kafka.common.metrics.Metrics - Metrics reporters closed
2025-01-07 14:17:40 INFO  o.a.kafka.common.utils.AppInfoParser - App info kafka.consumer for consumer-api_service-1 unregistered
2025-01-07 14:17:40 INFO  o.s.k.l.KafkaMessageListenerContainer - api_service: Consumer stopped
2025-01-07 14:17:40 INFO  o.a.k.clients.producer.KafkaProducer - [Producer clientId=producer-1] Closing the Kafka producer with timeoutMillis = 30000 ms.
2025-01-07 14:17:40 INFO  o.a.kafka.common.metrics.Metrics - Metrics scheduler closed
2025-01-07 14:17:40 INFO  o.a.kafka.common.metrics.Metrics - Closing reporter org.apache.kafka.common.metrics.JmxReporter
2025-01-07 14:17:40 INFO  o.a.kafka.common.metrics.Metrics - Metrics reporters closed
2025-01-07 14:17:40 INFO  o.a.kafka.common.utils.AppInfoParser - App info kafka.producer for producer-1 unregistered
2025-01-07 14:17:40 INFO  o.s.o.j.LocalContainerEntityManagerFactoryBean - Closing JPA EntityManagerFactory for persistence unit 'default'
2025-01-07 14:17:40 INFO  com.zaxxer.hikari.HikariDataSource - HikariPool-1 - Shutdown initiated...
2025-01-07 14:17:43 INFO  com.zaxxer.hikari.HikariDataSource - HikariPool-1 - Shutdown completed.
